<?xml version="1.0" encoding="utf-8"?><testsuites><testsuite name="pytest" errors="0" failures="0" skipped="0" tests="27" time="0.062" timestamp="2025-04-05T08:57:20.962809+02:00" hostname="Faustos-MacBook-Pro.local"><testcase classname="omega_bot_farm.qa.tests.test_quantum_ai_knowledge_model" name="test_quantum_dimension_init" time="0.000" /><testcase classname="omega_bot_farm.qa.tests.test_quantum_ai_knowledge_model" name="test_quantum_dimension_measure" time="0.005" /><testcase classname="omega_bot_farm.qa.tests.test_quantum_ai_knowledge_model" name="test_quantum_dimension_measure_state_change" time="0.000" /><testcase classname="omega_bot_farm.qa.tests.test_quantum_ai_knowledge_model" name="test_quantum_dimension_to_dict" time="0.000" /><testcase classname="omega_bot_farm.qa.tests.test_quantum_ai_knowledge_model" name="test_ai_model_init" time="0.000" /><testcase classname="omega_bot_farm.qa.tests.test_quantum_ai_knowledge_model" name="test_ai_model_to_dict" time="0.000" /><testcase classname="omega_bot_farm.qa.tests.test_quantum_ai_knowledge_model" name="test_ai_model_from_dict" time="0.000" /><testcase classname="omega_bot_farm.qa.tests.test_quantum_ai_knowledge_model" name="test_test_generator_init" time="0.000" /><testcase classname="omega_bot_farm.qa.tests.test_quantum_ai_knowledge_model" name="test_test_generator_generate_test" time="0.000" /><testcase classname="omega_bot_farm.qa.tests.test_quantum_ai_knowledge_model" name="test_test_generator_to_dict" time="0.000" /><testcase classname="omega_bot_farm.qa.tests.test_quantum_ai_knowledge_model" name="test_anomaly_detector_init" time="0.000" /><testcase classname="omega_bot_farm.qa.tests.test_quantum_ai_knowledge_model" name="test_anomaly_detector_detect_anomalies_none" time="0.000" /><testcase classname="omega_bot_farm.qa.tests.test_quantum_ai_knowledge_model" name="test_anomaly_detector_detect_anomalies_found" time="0.000" /><testcase classname="omega_bot_farm.qa.tests.test_quantum_ai_knowledge_model" name="test_anomaly_detector_calculate_severity" time="0.000" /><testcase classname="omega_bot_farm.qa.tests.test_quantum_ai_knowledge_model" name="test_anomaly_detector_to_dict" time="0.000" /><testcase classname="omega_bot_farm.qa.tests.test_quantum_ai_knowledge_model" name="test_quantum_ai_model_init" time="0.000" /><testcase classname="omega_bot_farm.qa.tests.test_quantum_ai_knowledge_model" name="test_quantum_ai_model_initialize_default_knowledge" time="0.000" /><testcase classname="omega_bot_farm.qa.tests.test_quantum_ai_knowledge_model" name="test_quantum_ai_model_add_components" time="0.000" /><testcase classname="omega_bot_farm.qa.tests.test_quantum_ai_knowledge_model" name="test_quantum_ai_model_generate_test" time="0.000" /><testcase classname="omega_bot_farm.qa.tests.test_quantum_ai_knowledge_model" name="test_quantum_ai_model_detect_anomalies" time="0.000" /><testcase classname="omega_bot_farm.qa.tests.test_quantum_ai_knowledge_model" name="test_quantum_ai_model_get_model_by_capability" time="0.000" /><testcase classname="omega_bot_farm.qa.tests.test_quantum_ai_knowledge_model" name="test_quantum_ai_model_measure_dimensions" time="0.000" /><testcase classname="omega_bot_farm.qa.tests.test_quantum_ai_knowledge_model" name="test_quantum_ai_model_quantum_entangle" time="0.000" /><testcase classname="omega_bot_farm.qa.tests.test_quantum_ai_knowledge_model" name="test_quantum_ai_model_quantum_collapse" time="0.000" /><testcase classname="omega_bot_farm.qa.tests.test_quantum_ai_knowledge_model" name="test_quantum_ai_model_save_to_file" time="0.001" /><testcase classname="omega_bot_farm.qa.tests.test_quantum_ai_knowledge_model" name="test_quantum_ai_model_load_from_file" time="0.001" /><testcase classname="omega_bot_farm.qa.tests.test_quantum_ai_knowledge_model" name="test_create_quantum_ai_knowledge_model" time="0.000" /></testsuite></testsuites>