<?xml version="1.0" encoding="utf-8"?><testsuites><testsuite name="pytest" errors="0" failures="1" skipped="0" tests="6" time="0.426" timestamp="2025-04-05T08:56:44.069446+02:00" hostname="Faustos-MacBook-Pro.local"><testcase classname="omega_bot_farm.qa.tests.test_quantum_ai_performance" name="test_model_initialization_time" time="0.000" /><testcase classname="omega_bot_farm.qa.tests.test_quantum_ai_performance" name="test_test_generation_performance" time="0.108"><failure message="ZeroDivisionError: float division by zero">ai_model = &lt;src.omega_bot_farm.qa.quantum_ai_knowledge_model.QuantumAIKnowledgeModel object at 0x109c73c50&gt;
large_code_sample = "variable_1 = 1 * 2\nvariable_2 = 2 * 2\nvariable_3 = 3 * 2\nvariable_4 = 4 * 2\ndef test_function_5(x, y):\n    '''Fu...9 = 999 * 2\nclass TestClass100:\n    def __init__(self):\n        self.value = 1000\n        self.name = 'Class100'\n"

    def test_test_generation_performance(ai_model, large_code_sample):
        """Test the performance of test generation."""
        # Measure execution time for different code sizes
        code_sizes = [10, 100, 500, 1000]
        times = []
    
        for size in code_sizes:
            # Get a slice of the code
            code_slice = "\n".join(large_code_sample.split("\n")[:size])
    
            # Measure time
            time_taken = measure_execution_time(ai_model.generate_test, code_slice)
            times.append(time_taken)
    
            print(f"Test generation time for {size} lines: {time_taken:.4f} seconds")
    
        # Create a performance graph
        reports_dir = os.path.join(os.path.dirname(__file__), "reports")
        os.makedirs(reports_dir, exist_ok=True)
    
        plot_performance_results(
            "Test Generation Performance",
            [f"{size} lines" for size in code_sizes],
            times,
            "Time (seconds)",
            os.path.join(reports_dir, "test_generation_performance.png")
        )
    
        # Check scaling - should be sub-quadratic
        # Calculate scaling factor from smallest to largest
&gt;       scaling_factor = times[-1] / times[0]
E       ZeroDivisionError: float division by zero

src/omega_bot_farm/qa/tests/test_quantum_ai_performance.py:153: ZeroDivisionError</failure></testcase><testcase classname="omega_bot_farm.qa.tests.test_quantum_ai_performance" name="test_anomaly_detection_performance" time="0.027" /><testcase classname="omega_bot_farm.qa.tests.test_quantum_ai_performance" name="test_memory_usage" time="0.084" /><testcase classname="omega_bot_farm.qa.tests.test_quantum_ai_performance" name="test_model_save_load_performance" time="0.026" /><testcase classname="omega_bot_farm.qa.tests.test_quantum_ai_performance" name="test_parallel_dimensional_analysis" time="0.000" /></testsuite></testsuites>