<?xml version="1.0" encoding="utf-8"?><testsuites><testsuite name="pytest" errors="0" failures="0" skipped="0" tests="6" time="0.418" timestamp="2025-04-05T08:57:21.338371+02:00" hostname="Faustos-MacBook-Pro.local"><testcase classname="omega_bot_farm.qa.tests.test_quantum_ai_performance" name="test_model_initialization_time" time="0.000" /><testcase classname="omega_bot_farm.qa.tests.test_quantum_ai_performance" name="test_test_generation_performance" time="0.117" /><testcase classname="omega_bot_farm.qa.tests.test_quantum_ai_performance" name="test_anomaly_detection_performance" time="0.026" /><testcase classname="omega_bot_farm.qa.tests.test_quantum_ai_performance" name="test_memory_usage" time="0.091" /><testcase classname="omega_bot_farm.qa.tests.test_quantum_ai_performance" name="test_model_save_load_performance" time="0.025" /><testcase classname="omega_bot_farm.qa.tests.test_quantum_ai_performance" name="test_parallel_dimensional_analysis" time="0.000" /></testsuite></testsuites>