{"meta": {"format": 3, "version": "7.6.12", "timestamp": "2025-03-18T19:14:11.236324", "branch_coverage": false, "show_contexts": false}, "files": {"omega_ai/db_manager/database.py": {"executed_lines": [621, 622, 623, 626, 649, 652, 653, 654, 655, 656, 657, 662, 670, 671], "summary": {"covered_lines": 14, "num_statements": 316, "percent_covered": 4.430379746835443, "percent_covered_display": "4", "missing_lines": 302, "excluded_lines": 25}, "missing_lines": [8, 9, 10, 11, 12, 13, 14, 15, 16, 17, 20, 21, 22, 23, 24, 25, 28, 31, 32, 34, 35, 36, 38, 64, 66, 74, 75, 76, 77, 79, 81, 82, 84, 86, 97, 126, 141, 164, 165, 166, 167, 168, 170, 171, 173, 175, 176, 178, 179, 184, 185, 186, 188, 190, 191, 193, 194, 215, 216, 217, 219, 221, 222, 224, 226, 243, 244, 263, 265, 267, 268, 270, 271, 296, 298, 300, 301, 303, 304, 309, 311, 313, 314, 316, 317, 322, 324, 326, 327, 328, 329, 331, 333, 334, 335, 336, 339, 342, 354, 356, 358, 361, 362, 363, 366, 367, 368, 370, 371, 373, 374, 376, 377, 385, 386, 387, 389, 394, 397, 399, 401, 404, 405, 407, 408, 410, 412, 414, 416, 417, 418, 420, 422, 425, 426, 429, 430, 431, 432, 435, 437, 446, 448, 459, 460, 461, 463, 464, 465, 466, 467, 469, 489, 490, 491, 494, 495, 496, 497, 512, 515, 516, 536, 537, 540, 541, 542, 544, 546, 547, 550, 551, 552, 553, 554, 555, 556, 558, 569, 570, 571, 573, 574, 575, 582, 588, 590, 591, 594, 595, 596, 597, 600, 601, 604, 606, 607, 608, 610, 627, 629, 630, 633, 634, 635, 636, 637, 638, 639, 646, 647, 658, 659, 673, 674, 675, 677, 687, 688, 691, 693, 696, 698, 699, 700, 703, 704, 705, 706, 707, 708, 711, 712, 713, 716, 717, 719, 720, 722, 725, 726, 727, 728, 729, 730, 731, 732, 733, 734, 735, 736, 738, 740, 742, 743, 744, 747, 757, 759, 760, 761, 762, 763, 766, 767, 770, 771, 774, 775, 778, 779, 781, 782, 784, 785, 786, 789, 800, 812, 814, 816, 817, 818, 819, 821, 823, 825, 836, 839, 840, 841, 842, 845, 846, 849, 850, 851, 854, 855, 857, 858, 859], "excluded_lines": [33, 41, 42, 43, 44, 45, 46, 47, 48, 49, 50, 51, 52, 53, 54, 55, 56, 57, 58, 59, 60, 61, 62, 67, 709], "functions": {"DatabaseManager.__init__": {"executed_lines": [], "summary": {"covered_lines": 0, "num_statements": 0, "percent_covered": 100.0, "percent_covered_display": "100", "missing_lines": 0, "excluded_lines": 13}, "missing_lines": [], "excluded_lines": [50, 51, 52, 53, 54, 55, 56, 57, 58, 59, 60, 61, 62]}, "DatabaseManager.connect": {"executed_lines": [], "summary": {"covered_lines": 0, "num_statements": 5, "percent_covered": 0.0, "percent_covered_display": "0", "missing_lines": 5, "excluded_lines": 1}, "missing_lines": [66, 74, 75, 76, 77], "excluded_lines": [67]}, "DatabaseManager.initialize_schema": {"executed_lines": [], "summary": {"covered_lines": 0, "num_statements": 14, "percent_covered": 0.0, "percent_covered_display": "0", "missing_lines": 14, "excluded_lines": 0}, "missing_lines": [81, 82, 84, 86, 97, 126, 141, 164, 165, 166, 167, 168, 170, 171], "excluded_lines": []}, "DatabaseManager.save_trader": {"executed_lines": [], "summary": {"covered_lines": 0, "num_statements": 7, "percent_covered": 0.0, "percent_covered_display": "0", "missing_lines": 7, "excluded_lines": 0}, "missing_lines": [175, 176, 178, 179, 184, 185, 186], "excluded_lines": []}, "DatabaseManager.save_trade": {"executed_lines": [], "summary": {"covered_lines": 0, "num_statements": 7, "percent_covered": 0.0, "percent_covered_display": "0", "missing_lines": 7, "excluded_lines": 0}, "missing_lines": [190, 191, 193, 194, 215, 216, 217], "excluded_lines": []}, "DatabaseManager.save_trade_exit": {"executed_lines": [], "summary": {"covered_lines": 0, "num_statements": 7, "percent_covered": 0.0, "percent_covered_display": "0", "missing_lines": 7, "excluded_lines": 0}, "missing_lines": [221, 222, 224, 226, 243, 244, 263], "excluded_lines": []}, "DatabaseManager.save_trader_metrics": {"executed_lines": [], "summary": {"covered_lines": 0, "num_statements": 5, "percent_covered": 0.0, "percent_covered_display": "0", "missing_lines": 5, "excluded_lines": 0}, "missing_lines": [267, 268, 270, 271, 296], "excluded_lines": []}, "DatabaseManager.get_trader_trades": {"executed_lines": [], "summary": {"covered_lines": 0, "num_statements": 5, "percent_covered": 0.0, "percent_covered_display": "0", "missing_lines": 5, "excluded_lines": 0}, "missing_lines": [300, 301, 303, 304, 309], "excluded_lines": []}, "DatabaseManager.get_trade_exits": {"executed_lines": [], "summary": {"covered_lines": 0, "num_statements": 5, "percent_covered": 0.0, "percent_covered_display": "0", "missing_lines": 5, "excluded_lines": 0}, "missing_lines": [313, 314, 316, 317, 322], "excluded_lines": []}, "DatabaseManager.close": {"executed_lines": [], "summary": {"covered_lines": 0, "num_statements": 4, "percent_covered": 0.0, "percent_covered_display": "0", "missing_lines": 4, "excluded_lines": 0}, "missing_lines": [326, 327, 328, 329], "excluded_lines": []}, "DatabaseManager.health_check": {"executed_lines": [], "summary": {"covered_lines": 0, "num_statements": 4, "percent_covered": 0.0, "percent_covered_display": "0", "missing_lines": 4, "excluded_lines": 0}, "missing_lines": [333, 334, 335, 336], "excluded_lines": []}, "fetch_recent_movements": {"executed_lines": [], "summary": {"covered_lines": 0, "num_statements": 28, "percent_covered": 0.0, "percent_covered_display": "0", "missing_lines": 28, "excluded_lines": 0}, "missing_lines": [354, 356, 358, 361, 362, 363, 366, 367, 368, 370, 371, 373, 374, 376, 377, 385, 386, 387, 389, 394, 397, 399, 401, 404, 405, 407, 408, 410], "excluded_lines": []}, "_generate_simulated_price_data": {"executed_lines": [], "summary": {"covered_lines": 0, "num_statements": 15, "percent_covered": 0.0, "percent_covered_display": "0", "missing_lines": 15, "excluded_lines": 0}, "missing_lines": [414, 416, 417, 418, 420, 422, 425, 426, 429, 430, 431, 432, 435, 437, 446], "excluded_lines": []}, "store_price_data": {"executed_lines": [], "summary": {"covered_lines": 0, "num_statements": 8, "percent_covered": 0.0, "percent_covered_display": "0", "missing_lines": 8, "excluded_lines": 0}, "missing_lines": [459, 460, 461, 463, 464, 465, 466, 467], "excluded_lines": []}, "insert_mm_trap": {"executed_lines": [], "summary": {"covered_lines": 0, "num_statements": 7, "percent_covered": 0.0, "percent_covered_display": "0", "missing_lines": 7, "excluded_lines": 0}, "missing_lines": [800, 812, 814, 816, 817, 818, 819], "excluded_lines": []}, "get_recent_mm_traps": {"executed_lines": [], "summary": {"covered_lines": 0, "num_statements": 20, "percent_covered": 0.0, "percent_covered_display": "0", "missing_lines": 20, "excluded_lines": 0}, "missing_lines": [569, 570, 571, 573, 574, 575, 582, 588, 590, 591, 594, 595, 596, 597, 600, 601, 604, 606, 607, 608], "excluded_lines": []}, "fetch_multi_interval_movements": {"executed_lines": [621, 622, 623, 626, 649, 652, 653, 654, 655, 656, 657, 662, 670, 671], "summary": {"covered_lines": 14, "num_statements": 31, "percent_covered": 45.16129032258065, "percent_covered_display": "45", "missing_lines": 17, "excluded_lines": 0}, "missing_lines": [627, 629, 630, 633, 634, 635, 636, 637, 638, 639, 646, 647, 658, 659, 673, 674, 675], "excluded_lines": []}, "analyze_price_trend": {"executed_lines": [], "summary": {"covered_lines": 0, "num_statements": 39, "percent_covered": 0.0, "percent_covered_display": "0", "missing_lines": 39, "excluded_lines": 1}, "missing_lines": [687, 688, 691, 693, 696, 698, 699, 700, 703, 704, 705, 706, 707, 708, 711, 712, 713, 716, 717, 719, 720, 722, 725, 726, 727, 728, 729, 730, 731, 732, 733, 734, 735, 736, 738, 740, 742, 743, 744], "excluded_lines": [709]}, "insert_possible_mm_trap": {"executed_lines": [], "summary": {"covered_lines": 0, "num_statements": 19, "percent_covered": 0.0, "percent_covered_display": "0", "missing_lines": 19, "excluded_lines": 0}, "missing_lines": [757, 759, 760, 761, 762, 763, 766, 767, 770, 771, 774, 775, 778, 779, 781, 782, 784, 785, 786], "excluded_lines": []}, "insert_subtle_movement": {"executed_lines": [], "summary": {"covered_lines": 0, "num_statements": 17, "percent_covered": 0.0, "percent_covered_display": "0", "missing_lines": 17, "excluded_lines": 0}, "missing_lines": [823, 825, 836, 839, 840, 841, 842, 845, 846, 849, 850, 851, 854, 855, 857, 858, 859], "excluded_lines": []}, "": {"executed_lines": [], "summary": {"covered_lines": 0, "num_statements": 44, "percent_covered": 0.0, "percent_covered_display": "0", "missing_lines": 44, "excluded_lines": 10}, "missing_lines": [8, 9, 10, 11, 12, 13, 14, 15, 16, 17, 20, 21, 22, 23, 24, 25, 28, 31, 32, 34, 35, 36, 38, 64, 79, 173, 188, 219, 265, 298, 311, 324, 331, 339, 342, 412, 448, 469, 558, 610, 677, 747, 789, 821], "excluded_lines": [33, 41, 42, 43, 44, 45, 46, 47, 48, 49]}}, "classes": {"DatabaseManager": {"executed_lines": [], "summary": {"covered_lines": 0, "num_statements": 63, "percent_covered": 0.0, "percent_covered_display": "0", "missing_lines": 63, "excluded_lines": 14}, "missing_lines": [66, 74, 75, 76, 77, 81, 82, 84, 86, 97, 126, 141, 164, 165, 166, 167, 168, 170, 171, 175, 176, 178, 179, 184, 185, 186, 190, 191, 193, 194, 215, 216, 217, 221, 222, 224, 226, 243, 244, 263, 267, 268, 270, 271, 296, 300, 301, 303, 304, 309, 313, 314, 316, 317, 322, 326, 327, 328, 329, 333, 334, 335, 336], "excluded_lines": [50, 51, 52, 53, 54, 55, 56, 57, 58, 59, 60, 61, 62, 67]}, "": {"executed_lines": [621, 622, 623, 626, 649, 652, 653, 654, 655, 656, 657, 662, 670, 671], "summary": {"covered_lines": 14, "num_statements": 253, "percent_covered": 5.533596837944664, "percent_covered_display": "6", "missing_lines": 239, "excluded_lines": 11}, "missing_lines": [8, 9, 10, 11, 12, 13, 14, 15, 16, 17, 20, 21, 22, 23, 24, 25, 28, 31, 32, 34, 35, 36, 38, 64, 79, 173, 188, 219, 265, 298, 311, 324, 331, 339, 342, 354, 356, 358, 361, 362, 363, 366, 367, 368, 370, 371, 373, 374, 376, 377, 385, 386, 387, 389, 394, 397, 399, 401, 404, 405, 407, 408, 410, 412, 414, 416, 417, 418, 420, 422, 425, 426, 429, 430, 431, 432, 435, 437, 446, 448, 459, 460, 461, 463, 464, 465, 466, 467, 469, 489, 490, 491, 494, 495, 496, 497, 512, 515, 516, 536, 537, 540, 541, 542, 544, 546, 547, 550, 551, 552, 553, 554, 555, 556, 558, 569, 570, 571, 573, 574, 575, 582, 588, 590, 591, 594, 595, 596, 597, 600, 601, 604, 606, 607, 608, 610, 627, 629, 630, 633, 634, 635, 636, 637, 638, 639, 646, 647, 658, 659, 673, 674, 675, 677, 687, 688, 691, 693, 696, 698, 699, 700, 703, 704, 705, 706, 707, 708, 711, 712, 713, 716, 717, 719, 720, 722, 725, 726, 727, 728, 729, 730, 731, 732, 733, 734, 735, 736, 738, 740, 742, 743, 744, 747, 757, 759, 760, 761, 762, 763, 766, 767, 770, 771, 774, 775, 778, 779, 781, 782, 784, 785, 786, 789, 800, 812, 814, 816, 817, 818, 819, 821, 823, 825, 836, 839, 840, 841, 842, 845, 846, 849, 850, 851, 854, 855, 857, 858, 859], "excluded_lines": [33, 41, 42, 43, 44, 45, 46, 47, 48, 49, 709]}}}, "omega_ai/main.py": {"executed_lines": [], "summary": {"covered_lines": 0, "num_statements": 101, "percent_covered": 0.0, "percent_covered_display": "0", "missing_lines": 101, "excluded_lines": 2}, "missing_lines": [6, 7, 8, 9, 10, 11, 12, 13, 16, 19, 20, 21, 22, 25, 26, 27, 28, 29, 30, 31, 32, 33, 34, 35, 36, 37, 40, 42, 44, 45, 57, 59, 61, 62, 64, 66, 67, 69, 71, 73, 74, 77, 78, 81, 82, 83, 85, 86, 88, 90, 91, 92, 93, 95, 97, 98, 99, 100, 101, 103, 105, 107, 109, 111, 113, 115, 116, 119, 120, 121, 124, 126, 129, 132, 133, 134, 137, 140, 141, 142, 145, 146, 147, 150, 151, 152, 155, 156, 157, 160, 161, 162, 165, 167, 168, 171, 174, 175, 176, 177, 178], "excluded_lines": [180, 181], "functions": {"display_ascii_banner": {"executed_lines": [], "summary": {"covered_lines": 0, "num_statements": 3, "percent_covered": 0.0, "percent_covered_display": "0", "missing_lines": 3, "excluded_lines": 0}, "missing_lines": [44, 45, 57], "excluded_lines": []}, "print_section_header": {"executed_lines": [], "summary": {"covered_lines": 0, "num_statements": 2, "percent_covered": 0.0, "percent_covered_display": "0", "missing_lines": 2, "excluded_lines": 0}, "missing_lines": [61, 62], "excluded_lines": []}, "print_status": {"executed_lines": [], "summary": {"covered_lines": 0, "num_statements": 3, "percent_covered": 0.0, "percent_covered_display": "0", "missing_lines": 3, "excluded_lines": 0}, "missing_lines": [66, 67, 69], "excluded_lines": []}, "signal_handler": {"executed_lines": [], "summary": {"covered_lines": 0, "num_statements": 9, "percent_covered": 0.0, "percent_covered_display": "0", "missing_lines": 9, "excluded_lines": 0}, "missing_lines": [73, 74, 77, 78, 81, 82, 83, 85, 86], "excluded_lines": []}, "run_thread": {"executed_lines": [], "summary": {"covered_lines": 0, "num_statements": 4, "percent_covered": 0.0, "percent_covered_display": "0", "missing_lines": 4, "excluded_lines": 0}, "missing_lines": [90, 91, 92, 93], "excluded_lines": []}, "start_btc_feed": {"executed_lines": [], "summary": {"covered_lines": 0, "num_statements": 2, "percent_covered": 0.0, "percent_covered_display": "0", "missing_lines": 2, "excluded_lines": 0}, "missing_lines": [97, 103], "excluded_lines": []}, "start_btc_feed.run_feed": {"executed_lines": [], "summary": {"covered_lines": 0, "num_statements": 4, "percent_covered": 0.0, "percent_covered_display": "0", "missing_lines": 4, "excluded_lines": 0}, "missing_lines": [98, 99, 100, 101], "excluded_lines": []}, "start_market_monitor": {"executed_lines": [], "summary": {"covered_lines": 0, "num_statements": 1, "percent_covered": 0.0, "percent_covered_display": "0", "missing_lines": 1, "excluded_lines": 0}, "missing_lines": [107], "excluded_lines": []}, "start_trap_processor": {"executed_lines": [], "summary": {"covered_lines": 0, "num_statements": 1, "percent_covered": 0.0, "percent_covered_display": "0", "missing_lines": 1, "excluded_lines": 0}, "missing_lines": [111], "excluded_lines": []}, "check_component_status": {"executed_lines": [], "summary": {"covered_lines": 0, "num_statements": 6, "percent_covered": 0.0, "percent_covered_display": "0", "missing_lines": 6, "excluded_lines": 0}, "missing_lines": [115, 116, 119, 120, 121, 124], "excluded_lines": []}, "main": {"executed_lines": [], "summary": {"covered_lines": 0, "num_statements": 29, "percent_covered": 0.0, "percent_covered_display": "0", "missing_lines": 29, "excluded_lines": 0}, "missing_lines": [129, 132, 133, 134, 137, 140, 141, 142, 145, 146, 147, 150, 151, 152, 155, 156, 157, 160, 161, 162, 165, 167, 168, 171, 174, 175, 176, 177, 178], "excluded_lines": []}, "": {"executed_lines": [], "summary": {"covered_lines": 0, "num_statements": 37, "percent_covered": 0.0, "percent_covered_display": "0", "missing_lines": 37, "excluded_lines": 2}, "missing_lines": [6, 7, 8, 9, 10, 11, 12, 13, 16, 19, 20, 21, 22, 25, 26, 27, 28, 29, 30, 31, 32, 33, 34, 35, 36, 37, 40, 42, 59, 64, 71, 88, 95, 105, 109, 113, 126], "excluded_lines": [180, 181]}}, "classes": {"": {"executed_lines": [], "summary": {"covered_lines": 0, "num_statements": 101, "percent_covered": 0.0, "percent_covered_display": "0", "missing_lines": 101, "excluded_lines": 2}, "missing_lines": [6, 7, 8, 9, 10, 11, 12, 13, 16, 19, 20, 21, 22, 25, 26, 27, 28, 29, 30, 31, 32, 33, 34, 35, 36, 37, 40, 42, 44, 45, 57, 59, 61, 62, 64, 66, 67, 69, 71, 73, 74, 77, 78, 81, 82, 83, 85, 86, 88, 90, 91, 92, 93, 95, 97, 98, 99, 100, 101, 103, 105, 107, 109, 111, 113, 115, 116, 119, 120, 121, 124, 126, 129, 132, 133, 134, 137, 140, 141, 142, 145, 146, 147, 150, 151, 152, 155, 156, 157, 160, 161, 162, 165, 167, 168, 171, 174, 175, 176, 177, 178], "excluded_lines": [180, 181]}}}, "omega_ai/mm_trap_detector/fibonacci_detector.py": {"executed_lines": [], "summary": {"covered_lines": 0, "num_statements": 132, "percent_covered": 0.0, "percent_covered_display": "0", "missing_lines": 132, "excluded_lines": 0}, "missing_lines": [7, 8, 9, 10, 11, 12, 13, 16, 18, 21, 23, 26, 27, 30, 43, 46, 48, 50, 51, 53, 57, 58, 61, 63, 65, 68, 70, 72, 73, 74, 77, 78, 81, 82, 85, 86, 88, 89, 92, 97, 98, 101, 102, 105, 106, 110, 113, 116, 118, 119, 123, 124, 126, 129, 132, 134, 135, 145, 147, 148, 151, 153, 155, 157, 159, 162, 171, 177, 179, 185, 187, 188, 191, 195, 197, 198, 201, 202, 205, 206, 207, 210, 213, 217, 219, 222, 225, 238, 241, 247, 248, 251, 252, 253, 255, 257, 258, 260, 261, 264, 265, 266, 267, 269, 271, 274, 276, 279, 282, 298, 299, 300, 302, 303, 304, 309, 310, 316, 318, 322, 324, 326, 328, 330, 332, 334, 336, 338, 340, 341, 342, 343], "excluded_lines": [], "functions": {"FibonacciDetector.__init__": {"executed_lines": [], "summary": {"covered_lines": 0, "num_statements": 6, "percent_covered": 0.0, "percent_covered_display": "0", "missing_lines": 6, "excluded_lines": 0}, "missing_lines": [23, 26, 27, 30, 43, 46], "excluded_lines": []}, "FibonacciDetector.update_price_data": {"executed_lines": [], "summary": {"covered_lines": 0, "num_statements": 6, "percent_covered": 0.0, "percent_covered_display": "0", "missing_lines": 6, "excluded_lines": 0}, "missing_lines": [50, 51, 53, 57, 58, 61], "excluded_lines": []}, "FibonacciDetector._update_swing_points": {"executed_lines": [], "summary": {"covered_lines": 0, "num_statements": 14, "percent_covered": 0.0, "percent_covered_display": "0", "missing_lines": 14, "excluded_lines": 0}, "missing_lines": [65, 68, 70, 72, 73, 74, 77, 78, 81, 82, 85, 86, 88, 89], "excluded_lines": []}, "FibonacciDetector.check_fibonacci_level": {"executed_lines": [], "summary": {"covered_lines": 0, "num_statements": 24, "percent_covered": 0.0, "percent_covered_display": "0", "missing_lines": 24, "excluded_lines": 0}, "missing_lines": [97, 98, 101, 102, 105, 106, 110, 113, 116, 118, 119, 123, 124, 126, 129, 132, 134, 135, 145, 147, 148, 151, 153, 155], "excluded_lines": []}, "FibonacciDetector._record_fibonacci_hit": {"executed_lines": [], "summary": {"covered_lines": 0, "num_statements": 4, "percent_covered": 0.0, "percent_covered_display": "0", "missing_lines": 4, "excluded_lines": 0}, "missing_lines": [159, 162, 171, 177], "excluded_lines": []}, "FibonacciDetector.detect_fibonacci_confluence": {"executed_lines": [], "summary": {"covered_lines": 0, "num_statements": 15, "percent_covered": 0.0, "percent_covered_display": "0", "missing_lines": 15, "excluded_lines": 0}, "missing_lines": [185, 187, 188, 191, 195, 197, 198, 201, 202, 205, 206, 207, 210, 213, 217], "excluded_lines": []}, "FibonacciDetector._record_trap_fibonacci_confluence": {"executed_lines": [], "summary": {"covered_lines": 0, "num_statements": 9, "percent_covered": 0.0, "percent_covered_display": "0", "missing_lines": 9, "excluded_lines": 0}, "missing_lines": [222, 225, 238, 241, 247, 248, 251, 252, 253], "excluded_lines": []}, "FibonacciDetector.generate_fibonacci_levels": {"executed_lines": [], "summary": {"covered_lines": 0, "num_statements": 12, "percent_covered": 0.0, "percent_covered_display": "0", "missing_lines": 12, "excluded_lines": 0}, "missing_lines": [257, 258, 260, 261, 264, 265, 266, 267, 269, 271, 274, 276], "excluded_lines": []}, "check_fibonacci_level": {"executed_lines": [], "summary": {"covered_lines": 0, "num_statements": 11, "percent_covered": 0.0, "percent_covered_display": "0", "missing_lines": 11, "excluded_lines": 0}, "missing_lines": [298, 299, 300, 302, 303, 304, 309, 310, 316, 318, 322], "excluded_lines": []}, "update_fibonacci_data": {"executed_lines": [], "summary": {"covered_lines": 0, "num_statements": 1, "percent_covered": 0.0, "percent_covered_display": "0", "missing_lines": 1, "excluded_lines": 0}, "missing_lines": [326], "excluded_lines": []}, "detect_fibonacci_confluence": {"executed_lines": [], "summary": {"covered_lines": 0, "num_statements": 1, "percent_covered": 0.0, "percent_covered_display": "0", "missing_lines": 1, "excluded_lines": 0}, "missing_lines": [330], "excluded_lines": []}, "get_current_fibonacci_levels": {"executed_lines": [], "summary": {"covered_lines": 0, "num_statements": 1, "percent_covered": 0.0, "percent_covered_display": "0", "missing_lines": 1, "excluded_lines": 0}, "missing_lines": [334], "excluded_lines": []}, "check_fibonacci_alignment": {"executed_lines": [], "summary": {"covered_lines": 0, "num_statements": 5, "percent_covered": 0.0, "percent_covered_display": "0", "missing_lines": 5, "excluded_lines": 0}, "missing_lines": [338, 340, 341, 342, 343], "excluded_lines": []}, "": {"executed_lines": [], "summary": {"covered_lines": 0, "num_statements": 23, "percent_covered": 0.0, "percent_covered_display": "0", "missing_lines": 23, "excluded_lines": 0}, "missing_lines": [7, 8, 9, 10, 11, 12, 13, 16, 18, 21, 48, 63, 92, 157, 179, 219, 255, 279, 282, 324, 328, 332, 336], "excluded_lines": []}}, "classes": {"FibonacciDetector": {"executed_lines": [], "summary": {"covered_lines": 0, "num_statements": 90, "percent_covered": 0.0, "percent_covered_display": "0", "missing_lines": 90, "excluded_lines": 0}, "missing_lines": [23, 26, 27, 30, 43, 46, 50, 51, 53, 57, 58, 61, 65, 68, 70, 72, 73, 74, 77, 78, 81, 82, 85, 86, 88, 89, 97, 98, 101, 102, 105, 106, 110, 113, 116, 118, 119, 123, 124, 126, 129, 132, 134, 135, 145, 147, 148, 151, 153, 155, 159, 162, 171, 177, 185, 187, 188, 191, 195, 197, 198, 201, 202, 205, 206, 207, 210, 213, 217, 222, 225, 238, 241, 247, 248, 251, 252, 253, 257, 258, 260, 261, 264, 265, 266, 267, 269, 271, 274, 276], "excluded_lines": []}, "": {"executed_lines": [], "summary": {"covered_lines": 0, "num_statements": 42, "percent_covered": 0.0, "percent_covered_display": "0", "missing_lines": 42, "excluded_lines": 0}, "missing_lines": [7, 8, 9, 10, 11, 12, 13, 16, 18, 21, 48, 63, 92, 157, 179, 219, 255, 279, 282, 298, 299, 300, 302, 303, 304, 309, 310, 316, 318, 322, 324, 326, 328, 330, 332, 334, 336, 338, 340, 341, 342, 343], "excluded_lines": []}}}, "omega_ai/mm_trap_detector/grafana/run_grafana_reporter.py": {"executed_lines": [], "summary": {"covered_lines": 0, "num_statements": 2, "percent_covered": 0.0, "percent_covered_display": "0", "missing_lines": 2, "excluded_lines": 10}, "missing_lines": [1, 2], "excluded_lines": [4, 5, 8, 9, 11, 14, 15, 16, 17, 18], "functions": {"": {"executed_lines": [], "summary": {"covered_lines": 0, "num_statements": 2, "percent_covered": 0.0, "percent_covered_display": "0", "missing_lines": 2, "excluded_lines": 10}, "missing_lines": [1, 2], "excluded_lines": [4, 5, 8, 9, 11, 14, 15, 16, 17, 18]}}, "classes": {"": {"executed_lines": [], "summary": {"covered_lines": 0, "num_statements": 2, "percent_covered": 0.0, "percent_covered_display": "0", "missing_lines": 2, "excluded_lines": 10}, "missing_lines": [1, 2], "excluded_lines": [4, 5, 8, 9, 11, 14, 15, 16, 17, 18]}}}, "omega_ai/mm_trap_detector/grafana_reporter.py": {"executed_lines": [], "summary": {"covered_lines": 0, "num_statements": 103, "percent_covered": 0.0, "percent_covered_display": "0", "missing_lines": 103, "excluded_lines": 0}, "missing_lines": [1, 2, 3, 4, 5, 6, 7, 10, 13, 14, 15, 16, 19, 20, 25, 26, 27, 28, 29, 30, 31, 32, 34, 40, 42, 43, 44, 45, 47, 49, 50, 51, 53, 54, 57, 65, 66, 67, 70, 71, 72, 75, 78, 79, 87, 89, 90, 92, 94, 95, 97, 98, 101, 107, 109, 115, 117, 119, 120, 121, 128, 131, 133, 134, 136, 138, 139, 141, 142, 143, 145, 146, 149, 156, 157, 159, 160, 163, 166, 169, 172, 175, 178, 181, 183, 184, 185, 186, 187, 188, 189, 190, 192, 194, 195, 196, 198, 200, 203, 217, 219, 221, 222], "excluded_lines": [], "functions": {"GrafanaReporter.__init__": {"executed_lines": [], "summary": {"covered_lines": 0, "num_statements": 4, "percent_covered": 0.0, "percent_covered_display": "0", "missing_lines": 4, "excluded_lines": 0}, "missing_lines": [42, 43, 44, 45], "excluded_lines": []}, "GrafanaReporter.store_trap_event": {"executed_lines": [], "summary": {"covered_lines": 0, "num_statements": 18, "percent_covered": 0.0, "percent_covered_display": "0", "missing_lines": 18, "excluded_lines": 0}, "missing_lines": [49, 50, 51, 53, 54, 57, 65, 66, 67, 70, 71, 72, 75, 78, 79, 87, 89, 90], "excluded_lines": []}, "GrafanaReporter.correlate_schumann_activity": {"executed_lines": [], "summary": {"covered_lines": 0, "num_statements": 16, "percent_covered": 0.0, "percent_covered_display": "0", "missing_lines": 16, "excluded_lines": 0}, "missing_lines": [94, 95, 97, 98, 101, 107, 109, 115, 117, 119, 120, 121, 128, 131, 133, 134], "excluded_lines": []}, "GrafanaReporter.update_rolling_metrics": {"executed_lines": [], "summary": {"covered_lines": 0, "num_statements": 12, "percent_covered": 0.0, "percent_covered_display": "0", "missing_lines": 12, "excluded_lines": 0}, "missing_lines": [138, 139, 141, 142, 143, 145, 146, 149, 156, 157, 159, 160], "excluded_lines": []}, "report_trap_for_grafana": {"executed_lines": [], "summary": {"covered_lines": 0, "num_statements": 4, "percent_covered": 0.0, "percent_covered_display": "0", "missing_lines": 4, "excluded_lines": 0}, "missing_lines": [169, 172, 175, 178], "excluded_lines": []}, "update_grafana_metrics": {"executed_lines": [], "summary": {"covered_lines": 0, "num_statements": 8, "percent_covered": 0.0, "percent_covered_display": "0", "missing_lines": 8, "excluded_lines": 0}, "missing_lines": [183, 184, 185, 186, 187, 188, 189, 190], "excluded_lines": []}, "insert_mm_trap": {"executed_lines": [], "summary": {"covered_lines": 0, "num_statements": 10, "percent_covered": 0.0, "percent_covered_display": "0", "missing_lines": 10, "excluded_lines": 0}, "missing_lines": [194, 195, 196, 198, 200, 203, 217, 219, 221, 222], "excluded_lines": []}, "": {"executed_lines": [], "summary": {"covered_lines": 0, "num_statements": 31, "percent_covered": 0.0, "percent_covered_display": "0", "missing_lines": 31, "excluded_lines": 0}, "missing_lines": [1, 2, 3, 4, 5, 6, 7, 10, 13, 14, 15, 16, 19, 20, 25, 26, 27, 28, 29, 30, 31, 32, 34, 40, 47, 92, 136, 163, 166, 181, 192], "excluded_lines": []}}, "classes": {"GrafanaReporter": {"executed_lines": [], "summary": {"covered_lines": 0, "num_statements": 50, "percent_covered": 0.0, "percent_covered_display": "0", "missing_lines": 50, "excluded_lines": 0}, "missing_lines": [42, 43, 44, 45, 49, 50, 51, 53, 54, 57, 65, 66, 67, 70, 71, 72, 75, 78, 79, 87, 89, 90, 94, 95, 97, 98, 101, 107, 109, 115, 117, 119, 120, 121, 128, 131, 133, 134, 138, 139, 141, 142, 143, 145, 146, 149, 156, 157, 159, 160], "excluded_lines": []}, "": {"executed_lines": [], "summary": {"covered_lines": 0, "num_statements": 53, "percent_covered": 0.0, "percent_covered_display": "0", "missing_lines": 53, "excluded_lines": 0}, "missing_lines": [1, 2, 3, 4, 5, 6, 7, 10, 13, 14, 15, 16, 19, 20, 25, 26, 27, 28, 29, 30, 31, 32, 34, 40, 47, 92, 136, 163, 166, 169, 172, 175, 178, 181, 183, 184, 185, 186, 187, 188, 189, 190, 192, 194, 195, 196, 198, 200, 203, 217, 219, 221, 222], "excluded_lines": []}}}, "omega_ai/mm_trap_detector/high_frequency_detector.py": {"executed_lines": [], "summary": {"covered_lines": 0, "num_statements": 299, "percent_covered": 0.0, "percent_covered_display": "0", "missing_lines": 299, "excluded_lines": 16}, "missing_lines": [61, 62, 63, 64, 65, 66, 67, 69, 72, 73, 74, 75, 77, 80, 82, 83, 84, 85, 86, 87, 89, 91, 92, 94, 97, 98, 101, 104, 106, 108, 110, 111, 112, 115, 118, 119, 120, 121, 123, 125, 126, 127, 130, 132, 135, 137, 138, 139, 140, 141, 144, 145, 146, 147, 148, 150, 151, 152, 153, 156, 157, 160, 161, 164, 165, 168, 169, 170, 171, 172, 173, 175, 176, 177, 178, 179, 180, 183, 185, 186, 189, 192, 197, 200, 201, 202, 204, 205, 206, 209, 210, 211, 214, 215, 216, 219, 220, 221, 224, 225, 226, 227, 229, 232, 235, 236, 237, 238, 239, 242, 243, 244, 246, 247, 248, 249, 250, 251, 253, 254, 255, 256, 257, 258, 259, 261, 263, 265, 268, 269, 270, 271, 272, 275, 280, 281, 282, 285, 294, 295, 299, 300, 302, 304, 305, 307, 308, 311, 314, 316, 319, 320, 323, 324, 327, 328, 329, 331, 333, 334, 335, 336, 337, 338, 339, 340, 342, 343, 345, 346, 349, 350, 352, 355, 356, 357, 358, 359, 360, 362, 363, 364, 365, 367, 371, 373, 374, 375, 376, 377, 379, 380, 381, 382, 383, 385, 386, 387, 388, 391, 392, 395, 396, 397, 400, 401, 404, 405, 406, 407, 408, 411, 413, 414, 415, 416, 419, 420, 424, 426, 427, 428, 429, 430, 431, 434, 435, 436, 437, 438, 440, 441, 442, 443, 444, 446, 449, 452, 454, 456, 458, 461, 462, 463, 466, 468, 469, 470, 471, 472, 475, 477, 480, 483, 484, 487, 488, 489, 490, 493, 495, 496, 499, 500, 501, 504, 507, 508, 511, 512, 513, 515, 518, 521, 522, 524, 525, 528, 529, 530, 531, 534, 535, 536, 537, 540, 541, 543, 544, 545, 547, 550, 551, 552, 553, 554, 555, 558, 559], "excluded_lines": [593, 594, 597, 598, 599, 601, 603, 604, 605, 606, 607, 608, 609, 612, 613, 615], "functions": {"HighFrequencyTrapDetector.__init__": {"executed_lines": [], "summary": {"covered_lines": 0, "num_statements": 6, "percent_covered": 0.0, "percent_covered_display": "0", "missing_lines": 6, "excluded_lines": 0}, "missing_lines": [82, 83, 84, 85, 86, 87], "excluded_lines": []}, "HighFrequencyTrapDetector.update_price_data": {"executed_lines": [], "summary": {"covered_lines": 0, "num_statements": 7, "percent_covered": 0.0, "percent_covered_display": "0", "missing_lines": 7, "excluded_lines": 0}, "missing_lines": [91, 92, 94, 97, 98, 101, 104], "excluded_lines": []}, "HighFrequencyTrapDetector._calculate_volatility_metrics": {"executed_lines": [], "summary": {"covered_lines": 0, "num_statements": 14, "percent_covered": 0.0, "percent_covered_display": "0", "missing_lines": 14, "excluded_lines": 0}, "missing_lines": [108, 110, 111, 112, 115, 118, 119, 120, 121, 123, 125, 126, 127, 130], "excluded_lines": []}, "HighFrequencyTrapDetector.detect_high_freq_trap_mode": {"executed_lines": [], "summary": {"covered_lines": 0, "num_statements": 82, "percent_covered": 0.0, "percent_covered_display": "0", "missing_lines": 82, "excluded_lines": 0}, "missing_lines": [135, 137, 138, 139, 140, 141, 144, 145, 146, 147, 148, 150, 151, 152, 153, 156, 157, 160, 161, 164, 165, 168, 169, 170, 171, 172, 173, 175, 176, 177, 178, 179, 180, 183, 185, 186, 189, 192, 197, 200, 201, 202, 204, 205, 206, 209, 210, 211, 214, 215, 216, 219, 220, 221, 224, 225, 226, 227, 229, 232, 235, 236, 237, 238, 239, 242, 243, 244, 246, 247, 248, 249, 250, 251, 253, 254, 255, 256, 257, 258, 259, 261], "excluded_lines": []}, "HighFrequencyTrapDetector.register_trap_event": {"executed_lines": [], "summary": {"covered_lines": 0, "num_statements": 15, "percent_covered": 0.0, "percent_covered_display": "0", "missing_lines": 15, "excluded_lines": 0}, "missing_lines": [265, 268, 269, 270, 271, 272, 275, 280, 281, 282, 285, 294, 295, 299, 300], "excluded_lines": []}, "HighFrequencyTrapDetector._count_recent_traps": {"executed_lines": [], "summary": {"covered_lines": 0, "num_statements": 6, "percent_covered": 0.0, "percent_covered_display": "0", "missing_lines": 6, "excluded_lines": 0}, "missing_lines": [304, 305, 307, 308, 311, 314], "excluded_lines": []}, "HighFrequencyTrapDetector.check_schumann_anomalies": {"executed_lines": [], "summary": {"covered_lines": 0, "num_statements": 33, "percent_covered": 0.0, "percent_covered_display": "0", "missing_lines": 33, "excluded_lines": 0}, "missing_lines": [319, 320, 323, 324, 327, 328, 329, 331, 333, 334, 335, 336, 337, 338, 339, 340, 342, 343, 345, 346, 349, 350, 352, 355, 356, 357, 358, 359, 360, 362, 363, 364, 365], "excluded_lines": []}, "HighFrequencyTrapDetector.detect_liquidity_grabs": {"executed_lines": [], "summary": {"covered_lines": 0, "num_statements": 52, "percent_covered": 0.0, "percent_covered_display": "0", "missing_lines": 52, "excluded_lines": 0}, "missing_lines": [371, 373, 374, 375, 376, 377, 379, 380, 381, 382, 383, 385, 386, 387, 388, 391, 392, 395, 396, 397, 400, 401, 404, 405, 406, 407, 408, 411, 413, 414, 415, 416, 419, 420, 424, 426, 427, 428, 429, 430, 431, 434, 435, 436, 437, 438, 440, 441, 442, 443, 444, 446], "excluded_lines": []}, "check_high_frequency_mode": {"executed_lines": [], "summary": {"covered_lines": 0, "num_statements": 1, "percent_covered": 0.0, "percent_covered_display": "0", "missing_lines": 1, "excluded_lines": 0}, "missing_lines": [454], "excluded_lines": []}, "register_trap_detection": {"executed_lines": [], "summary": {"covered_lines": 0, "num_statements": 10, "percent_covered": 0.0, "percent_covered_display": "0", "missing_lines": 10, "excluded_lines": 0}, "missing_lines": [458, 461, 462, 463, 466, 468, 469, 470, 471, 472], "excluded_lines": []}, "simulate_price_updates": {"executed_lines": [], "summary": {"covered_lines": 0, "num_statements": 48, "percent_covered": 0.0, "percent_covered_display": "0", "missing_lines": 48, "excluded_lines": 0}, "missing_lines": [477, 480, 483, 484, 487, 488, 489, 490, 493, 495, 496, 499, 500, 501, 504, 507, 508, 511, 512, 513, 515, 518, 521, 522, 524, 525, 528, 529, 530, 531, 534, 535, 536, 537, 540, 541, 543, 544, 545, 547, 550, 551, 552, 553, 554, 555, 558, 559], "excluded_lines": []}, "": {"executed_lines": [], "summary": {"covered_lines": 0, "num_statements": 25, "percent_covered": 0.0, "percent_covered_display": "0", "missing_lines": 25, "excluded_lines": 16}, "missing_lines": [61, 62, 63, 64, 65, 66, 67, 69, 72, 73, 74, 75, 77, 80, 89, 106, 132, 263, 302, 316, 367, 449, 452, 456, 475], "excluded_lines": [593, 594, 597, 598, 599, 601, 603, 604, 605, 606, 607, 608, 609, 612, 613, 615]}}, "classes": {"HighFrequencyTrapDetector": {"executed_lines": [], "summary": {"covered_lines": 0, "num_statements": 215, "percent_covered": 0.0, "percent_covered_display": "0", "missing_lines": 215, "excluded_lines": 0}, "missing_lines": [82, 83, 84, 85, 86, 87, 91, 92, 94, 97, 98, 101, 104, 108, 110, 111, 112, 115, 118, 119, 120, 121, 123, 125, 126, 127, 130, 135, 137, 138, 139, 140, 141, 144, 145, 146, 147, 148, 150, 151, 152, 153, 156, 157, 160, 161, 164, 165, 168, 169, 170, 171, 172, 173, 175, 176, 177, 178, 179, 180, 183, 185, 186, 189, 192, 197, 200, 201, 202, 204, 205, 206, 209, 210, 211, 214, 215, 216, 219, 220, 221, 224, 225, 226, 227, 229, 232, 235, 236, 237, 238, 239, 242, 243, 244, 246, 247, 248, 249, 250, 251, 253, 254, 255, 256, 257, 258, 259, 261, 265, 268, 269, 270, 271, 272, 275, 280, 281, 282, 285, 294, 295, 299, 300, 304, 305, 307, 308, 311, 314, 319, 320, 323, 324, 327, 328, 329, 331, 333, 334, 335, 336, 337, 338, 339, 340, 342, 343, 345, 346, 349, 350, 352, 355, 356, 357, 358, 359, 360, 362, 363, 364, 365, 371, 373, 374, 375, 376, 377, 379, 380, 381, 382, 383, 385, 386, 387, 388, 391, 392, 395, 396, 397, 400, 401, 404, 405, 406, 407, 408, 411, 413, 414, 415, 416, 419, 420, 424, 426, 427, 428, 429, 430, 431, 434, 435, 436, 437, 438, 440, 441, 442, 443, 444, 446], "excluded_lines": []}, "": {"executed_lines": [], "summary": {"covered_lines": 0, "num_statements": 84, "percent_covered": 0.0, "percent_covered_display": "0", "missing_lines": 84, "excluded_lines": 16}, "missing_lines": [61, 62, 63, 64, 65, 66, 67, 69, 72, 73, 74, 75, 77, 80, 89, 106, 132, 263, 302, 316, 367, 449, 452, 454, 456, 458, 461, 462, 463, 466, 468, 469, 470, 471, 472, 475, 477, 480, 483, 484, 487, 488, 489, 490, 493, 495, 496, 499, 500, 501, 504, 507, 508, 511, 512, 513, 515, 518, 521, 522, 524, 525, 528, 529, 530, 531, 534, 535, 536, 537, 540, 541, 543, 544, 545, 547, 550, 551, 552, 553, 554, 555, 558, 559], "excluded_lines": [593, 594, 597, 598, 599, 601, 603, 604, 605, 606, 607, 608, 609, 612, 613, 615]}}}, "omega_ai/mm_trap_detector/liquidity_voronoi.py": {"executed_lines": [], "summary": {"covered_lines": 0, "num_statements": 0, "percent_covered": 100.0, "percent_covered_display": "100", "missing_lines": 0, "excluded_lines": 0}, "missing_lines": [], "excluded_lines": [], "functions": {"": {"executed_lines": [], "summary": {"covered_lines": 0, "num_statements": 0, "percent_covered": 100.0, "percent_covered_display": "100", "missing_lines": 0, "excluded_lines": 0}, "missing_lines": [], "excluded_lines": []}}, "classes": {"": {"executed_lines": [], "summary": {"covered_lines": 0, "num_statements": 0, "percent_covered": 100.0, "percent_covered_display": "100", "missing_lines": 0, "excluded_lines": 0}, "missing_lines": [], "excluded_lines": []}}}, "omega_ai/mm_trap_detector/mm_trap_analyzer.py": {"executed_lines": [], "summary": {"covered_lines": 0, "num_statements": 35, "percent_covered": 0.0, "percent_covered_display": "0", "missing_lines": 35, "excluded_lines": 3}, "missing_lines": [1, 2, 3, 4, 5, 7, 10, 13, 15, 17, 18, 19, 20, 23, 24, 25, 27, 29, 30, 31, 38, 39, 40, 41, 42, 43, 44, 45, 46, 47, 48, 49, 50, 51, 52], "excluded_lines": [54, 55, 56], "functions": {"handle_message": {"executed_lines": [], "summary": {"covered_lines": 0, "num_statements": 7, "percent_covered": 0.0, "percent_covered_display": "0", "missing_lines": 7, "excluded_lines": 0}, "missing_lines": [17, 18, 19, 20, 23, 24, 25], "excluded_lines": []}, "listen_to_btc_websocket": {"executed_lines": [], "summary": {"covered_lines": 0, "num_statements": 18, "percent_covered": 0.0, "percent_covered_display": "0", "missing_lines": 18, "excluded_lines": 0}, "missing_lines": [29, 30, 31, 38, 39, 40, 41, 42, 43, 44, 45, 46, 47, 48, 49, 50, 51, 52], "excluded_lines": []}, "": {"executed_lines": [], "summary": {"covered_lines": 0, "num_statements": 10, "percent_covered": 0.0, "percent_covered_display": "0", "missing_lines": 10, "excluded_lines": 3}, "missing_lines": [1, 2, 3, 4, 5, 7, 10, 13, 15, 27], "excluded_lines": [54, 55, 56]}}, "classes": {"": {"executed_lines": [], "summary": {"covered_lines": 0, "num_statements": 35, "percent_covered": 0.0, "percent_covered_display": "0", "missing_lines": 35, "excluded_lines": 3}, "missing_lines": [1, 2, 3, 4, 5, 7, 10, 13, 15, 17, 18, 19, 20, 23, 24, 25, 27, 29, 30, 31, 38, 39, 40, 41, 42, 43, 44, 45, 46, 47, 48, 49, 50, 51, 52], "excluded_lines": [54, 55, 56]}}}, "omega_ai/mm_trap_detector/mm_trap_consumer.py": {"executed_lines": [], "summary": {"covered_lines": 0, "num_statements": 100, "percent_covered": 0.0, "percent_covered_display": "0", "missing_lines": 100, "excluded_lines": 3}, "missing_lines": [8, 9, 10, 11, 12, 13, 14, 15, 16, 17, 20, 23, 24, 25, 26, 29, 31, 34, 35, 38, 39, 41, 44, 45, 52, 54, 56, 57, 58, 59, 61, 62, 63, 65, 67, 69, 70, 73, 74, 77, 78, 79, 80, 81, 84, 94, 96, 99, 114, 117, 119, 120, 121, 122, 124, 126, 127, 129, 130, 131, 133, 135, 136, 138, 140, 141, 143, 144, 147, 149, 150, 151, 152, 153, 154, 157, 160, 163, 165, 166, 167, 169, 172, 173, 175, 176, 177, 178, 179, 180, 182, 184, 185, 186, 187, 188, 189, 190, 191, 192], "excluded_lines": [194, 195, 196], "functions": {"signal_handler": {"executed_lines": [], "summary": {"covered_lines": 0, "num_statements": 2, "percent_covered": 0.0, "percent_covered_display": "0", "missing_lines": 2, "excluded_lines": 0}, "missing_lines": [34, 35], "excluded_lines": []}, "TrapProcessor.__init__": {"executed_lines": [], "summary": {"covered_lines": 0, "num_statements": 2, "percent_covered": 0.0, "percent_covered_display": "0", "missing_lines": 2, "excluded_lines": 0}, "missing_lines": [45, 52], "excluded_lines": []}, "TrapProcessor.update_stats": {"executed_lines": [], "summary": {"covered_lines": 0, "num_statements": 7, "percent_covered": 0.0, "percent_covered_display": "0", "missing_lines": 7, "excluded_lines": 0}, "missing_lines": [56, 57, 58, 59, 61, 62, 63], "excluded_lines": []}, "TrapProcessor.process_trap": {"executed_lines": [], "summary": {"covered_lines": 0, "num_statements": 20, "percent_covered": 0.0, "percent_covered_display": "0", "missing_lines": 20, "excluded_lines": 0}, "missing_lines": [67, 69, 70, 73, 74, 77, 78, 79, 80, 81, 84, 94, 96, 99, 114, 117, 119, 120, 121, 122], "excluded_lines": []}, "TrapProcessor.process_batch": {"executed_lines": [], "summary": {"covered_lines": 0, "num_statements": 8, "percent_covered": 0.0, "percent_covered_display": "0", "missing_lines": 8, "excluded_lines": 0}, "missing_lines": [126, 127, 129, 130, 131, 133, 135, 136], "excluded_lines": []}, "TrapProcessor.run_consumer": {"executed_lines": [], "summary": {"covered_lines": 0, "num_statements": 26, "percent_covered": 0.0, "percent_covered_display": "0", "missing_lines": 26, "excluded_lines": 0}, "missing_lines": [140, 141, 143, 144, 147, 149, 150, 151, 152, 153, 154, 157, 160, 163, 165, 166, 167, 169, 172, 173, 175, 176, 177, 178, 179, 180], "excluded_lines": []}, "TrapProcessor.print_stats": {"executed_lines": [], "summary": {"covered_lines": 0, "num_statements": 9, "percent_covered": 0.0, "percent_covered_display": "0", "missing_lines": 9, "excluded_lines": 0}, "missing_lines": [184, 185, 186, 187, 188, 189, 190, 191, 192], "excluded_lines": []}, "": {"executed_lines": [], "summary": {"covered_lines": 0, "num_statements": 26, "percent_covered": 0.0, "percent_covered_display": "0", "missing_lines": 26, "excluded_lines": 3}, "missing_lines": [8, 9, 10, 11, 12, 13, 14, 15, 16, 17, 20, 23, 24, 25, 26, 29, 31, 38, 39, 41, 44, 54, 65, 124, 138, 182], "excluded_lines": [194, 195, 196]}}, "classes": {"TrapProcessor": {"executed_lines": [], "summary": {"covered_lines": 0, "num_statements": 72, "percent_covered": 0.0, "percent_covered_display": "0", "missing_lines": 72, "excluded_lines": 0}, "missing_lines": [45, 52, 56, 57, 58, 59, 61, 62, 63, 67, 69, 70, 73, 74, 77, 78, 79, 80, 81, 84, 94, 96, 99, 114, 117, 119, 120, 121, 122, 126, 127, 129, 130, 131, 133, 135, 136, 140, 141, 143, 144, 147, 149, 150, 151, 152, 153, 154, 157, 160, 163, 165, 166, 167, 169, 172, 173, 175, 176, 177, 178, 179, 180, 184, 185, 186, 187, 188, 189, 190, 191, 192], "excluded_lines": []}, "": {"executed_lines": [], "summary": {"covered_lines": 0, "num_statements": 28, "percent_covered": 0.0, "percent_covered_display": "0", "missing_lines": 28, "excluded_lines": 3}, "missing_lines": [8, 9, 10, 11, 12, 13, 14, 15, 16, 17, 20, 23, 24, 25, 26, 29, 31, 34, 35, 38, 39, 41, 44, 54, 65, 124, 138, 182], "excluded_lines": [194, 195, 196]}}}, "omega_ai/mm_trap_detector/mm_trap_processor.py": {"executed_lines": [], "summary": {"covered_lines": 0, "num_statements": 72, "percent_covered": 0.0, "percent_covered_display": "0", "missing_lines": 72, "excluded_lines": 249}, "missing_lines": [76, 77, 78, 79, 81, 83, 84, 85, 86, 89, 90, 91, 92, 93, 94, 95, 96, 97, 98, 99, 100, 101, 102, 103, 104, 105, 108, 109, 112, 113, 114, 115, 116, 117, 118, 121, 123, 124, 126, 128, 130, 132, 133, 135, 136, 137, 138, 139, 141, 143, 145, 146, 147, 148, 149, 150, 151, 153, 155, 157, 158, 159, 160, 161, 162, 163, 164, 166, 168, 170, 172, 173], "excluded_lines": [176, 177, 178, 181, 182, 184, 185, 186, 187, 190, 191, 192, 193, 194, 195, 196, 197, 198, 199, 200, 201, 202, 203, 204, 205, 206, 207, 208, 209, 210, 211, 212, 213, 214, 215, 216, 217, 218, 219, 220, 221, 222, 223, 224, 225, 226, 227, 228, 229, 230, 231, 232, 233, 234, 235, 236, 237, 238, 239, 240, 241, 242, 243, 244, 245, 246, 247, 248, 249, 250, 251, 252, 253, 254, 255, 256, 257, 258, 259, 260, 261, 262, 263, 264, 265, 266, 267, 268, 269, 270, 271, 272, 273, 274, 275, 276, 277, 278, 279, 280, 281, 282, 283, 284, 285, 286, 287, 288, 289, 290, 291, 292, 293, 294, 295, 296, 297, 298, 299, 300, 301, 302, 303, 304, 305, 306, 307, 308, 309, 310, 311, 312, 313, 314, 315, 316, 317, 318, 319, 320, 321, 322, 323, 324, 325, 326, 327, 328, 329, 330, 331, 332, 333, 334, 335, 336, 337, 338, 339, 340, 341, 342, 343, 344, 345, 346, 347, 348, 349, 350, 351, 352, 353, 354, 355, 356, 357, 358, 359, 360, 361, 362, 363, 364, 365, 366, 367, 368, 369, 370, 371, 372, 373, 374, 375, 376, 377, 378, 379, 380, 381, 382, 383, 384, 385, 386, 387, 388, 389, 390, 391, 392, 393, 394, 395, 396, 397, 398, 399, 400, 401, 402, 403, 404, 405, 406, 407, 408, 409, 410, 411, 412, 413, 414, 415, 416, 417, 418, 419, 420, 421, 422, 423, 424, 425, 426, 427, 428, 430], "functions": {"print_header": {"executed_lines": [], "summary": {"covered_lines": 0, "num_statements": 2, "percent_covered": 0.0, "percent_covered_display": "0", "missing_lines": 2, "excluded_lines": 0}, "missing_lines": [123, 124], "excluded_lines": []}, "print_section": {"executed_lines": [], "summary": {"covered_lines": 0, "num_statements": 1, "percent_covered": 0.0, "percent_covered_display": "0", "missing_lines": 1, "excluded_lines": 0}, "missing_lines": [128], "excluded_lines": []}, "print_price_update": {"executed_lines": [], "summary": {"covered_lines": 0, "num_statements": 7, "percent_covered": 0.0, "percent_covered_display": "0", "missing_lines": 7, "excluded_lines": 0}, "missing_lines": [132, 133, 135, 136, 137, 138, 139], "excluded_lines": []}, "print_analysis_result": {"executed_lines": [], "summary": {"covered_lines": 0, "num_statements": 9, "percent_covered": 0.0, "percent_covered_display": "0", "missing_lines": 9, "excluded_lines": 0}, "missing_lines": [143, 145, 146, 147, 148, 149, 150, 151, 153], "excluded_lines": []}, "print_movement_tag": {"executed_lines": [], "summary": {"covered_lines": 0, "num_statements": 10, "percent_covered": 0.0, "percent_covered_display": "0", "missing_lines": 10, "excluded_lines": 0}, "missing_lines": [157, 158, 159, 160, 161, 162, 163, 164, 166, 168], "excluded_lines": []}, "print_alert": {"executed_lines": [], "summary": {"covered_lines": 0, "num_statements": 2, "percent_covered": 0.0, "percent_covered_display": "0", "missing_lines": 2, "excluded_lines": 0}, "missing_lines": [172, 173], "excluded_lines": []}, "process_mm_trap": {"executed_lines": [], "summary": {"covered_lines": 0, "num_statements": 0, "percent_covered": 100.0, "percent_covered_display": "100", "missing_lines": 0, "excluded_lines": 238}, "missing_lines": [], "excluded_lines": [191, 192, 193, 194, 195, 196, 197, 198, 199, 200, 201, 202, 203, 204, 205, 206, 207, 208, 209, 210, 211, 212, 213, 214, 215, 216, 217, 218, 219, 220, 221, 222, 223, 224, 225, 226, 227, 228, 229, 230, 231, 232, 233, 234, 235, 236, 237, 238, 239, 240, 241, 242, 243, 244, 245, 246, 247, 248, 249, 250, 251, 252, 253, 254, 255, 256, 257, 258, 259, 260, 261, 262, 263, 264, 265, 266, 267, 268, 269, 270, 271, 272, 273, 274, 275, 276, 277, 278, 279, 280, 281, 282, 283, 284, 285, 286, 287, 288, 289, 290, 291, 292, 293, 294, 295, 296, 297, 298, 299, 300, 301, 302, 303, 304, 305, 306, 307, 308, 309, 310, 311, 312, 313, 314, 315, 316, 317, 318, 319, 320, 321, 322, 323, 324, 325, 326, 327, 328, 329, 330, 331, 332, 333, 334, 335, 336, 337, 338, 339, 340, 341, 342, 343, 344, 345, 346, 347, 348, 349, 350, 351, 352, 353, 354, 355, 356, 357, 358, 359, 360, 361, 362, 363, 364, 365, 366, 367, 368, 369, 370, 371, 372, 373, 374, 375, 376, 377, 378, 379, 380, 381, 382, 383, 384, 385, 386, 387, 388, 389, 390, 391, 392, 393, 394, 395, 396, 397, 398, 399, 400, 401, 402, 403, 404, 405, 406, 407, 408, 409, 410, 411, 412, 413, 414, 415, 416, 417, 418, 419, 420, 421, 422, 423, 424, 425, 426, 427, 428]}, "": {"executed_lines": [], "summary": {"covered_lines": 0, "num_statements": 41, "percent_covered": 0.0, "percent_covered_display": "0", "missing_lines": 41, "excluded_lines": 11}, "missing_lines": [76, 77, 78, 79, 81, 83, 84, 85, 86, 89, 90, 91, 92, 93, 94, 95, 96, 97, 98, 99, 100, 101, 102, 103, 104, 105, 108, 109, 112, 113, 114, 115, 116, 117, 118, 121, 126, 130, 141, 155, 170], "excluded_lines": [176, 177, 178, 181, 182, 184, 185, 186, 187, 190, 430]}}, "classes": {"": {"executed_lines": [], "summary": {"covered_lines": 0, "num_statements": 72, "percent_covered": 0.0, "percent_covered_display": "0", "missing_lines": 72, "excluded_lines": 249}, "missing_lines": [76, 77, 78, 79, 81, 83, 84, 85, 86, 89, 90, 91, 92, 93, 94, 95, 96, 97, 98, 99, 100, 101, 102, 103, 104, 105, 108, 109, 112, 113, 114, 115, 116, 117, 118, 121, 123, 124, 126, 128, 130, 132, 133, 135, 136, 137, 138, 139, 141, 143, 145, 146, 147, 148, 149, 150, 151, 153, 155, 157, 158, 159, 160, 161, 162, 163, 164, 166, 168, 170, 172, 173], "excluded_lines": [176, 177, 178, 181, 182, 184, 185, 186, 187, 190, 191, 192, 193, 194, 195, 196, 197, 198, 199, 200, 201, 202, 203, 204, 205, 206, 207, 208, 209, 210, 211, 212, 213, 214, 215, 216, 217, 218, 219, 220, 221, 222, 223, 224, 225, 226, 227, 228, 229, 230, 231, 232, 233, 234, 235, 236, 237, 238, 239, 240, 241, 242, 243, 244, 245, 246, 247, 248, 249, 250, 251, 252, 253, 254, 255, 256, 257, 258, 259, 260, 261, 262, 263, 264, 265, 266, 267, 268, 269, 270, 271, 272, 273, 274, 275, 276, 277, 278, 279, 280, 281, 282, 283, 284, 285, 286, 287, 288, 289, 290, 291, 292, 293, 294, 295, 296, 297, 298, 299, 300, 301, 302, 303, 304, 305, 306, 307, 308, 309, 310, 311, 312, 313, 314, 315, 316, 317, 318, 319, 320, 321, 322, 323, 324, 325, 326, 327, 328, 329, 330, 331, 332, 333, 334, 335, 336, 337, 338, 339, 340, 341, 342, 343, 344, 345, 346, 347, 348, 349, 350, 351, 352, 353, 354, 355, 356, 357, 358, 359, 360, 361, 362, 363, 364, 365, 366, 367, 368, 369, 370, 371, 372, 373, 374, 375, 376, 377, 378, 379, 380, 381, 382, 383, 384, 385, 386, 387, 388, 389, 390, 391, 392, 393, 394, 395, 396, 397, 398, 399, 400, 401, 402, 403, 404, 405, 406, 407, 408, 409, 410, 411, 412, 413, 414, 415, 416, 417, 418, 419, 420, 421, 422, 423, 424, 425, 426, 427, 428, 430]}}}, "omega_ai/mm_trap_detector/mm_websocket_server.py": {"executed_lines": [], "summary": {"covered_lines": 0, "num_statements": 32, "percent_covered": 0.0, "percent_covered_display": "0", "missing_lines": 32, "excluded_lines": 2}, "missing_lines": [1, 2, 3, 4, 5, 7, 8, 10, 12, 15, 16, 18, 19, 20, 21, 22, 23, 24, 25, 26, 27, 28, 30, 31, 33, 35, 36, 38, 40, 41, 42, 43], "excluded_lines": [45, 46], "functions": {"handler": {"executed_lines": [], "summary": {"covered_lines": 0, "num_statements": 15, "percent_covered": 0.0, "percent_covered_display": "0", "missing_lines": 15, "excluded_lines": 0}, "missing_lines": [15, 16, 18, 19, 20, 21, 22, 23, 24, 25, 26, 27, 28, 30, 31], "excluded_lines": []}, "broadcast": {"executed_lines": [], "summary": {"covered_lines": 0, "num_statements": 2, "percent_covered": 0.0, "percent_covered_display": "0", "missing_lines": 2, "excluded_lines": 0}, "missing_lines": [35, 36], "excluded_lines": []}, "start_server": {"executed_lines": [], "summary": {"covered_lines": 0, "num_statements": 4, "percent_covered": 0.0, "percent_covered_display": "0", "missing_lines": 4, "excluded_lines": 0}, "missing_lines": [40, 41, 42, 43], "excluded_lines": []}, "": {"executed_lines": [], "summary": {"covered_lines": 0, "num_statements": 11, "percent_covered": 0.0, "percent_covered_display": "0", "missing_lines": 11, "excluded_lines": 2}, "missing_lines": [1, 2, 3, 4, 5, 7, 8, 10, 12, 33, 38], "excluded_lines": [45, 46]}}, "classes": {"": {"executed_lines": [], "summary": {"covered_lines": 0, "num_statements": 32, "percent_covered": 0.0, "percent_covered_display": "0", "missing_lines": 32, "excluded_lines": 2}, "missing_lines": [1, 2, 3, 4, 5, 7, 8, 10, 12, 15, 16, 18, 19, 20, 21, 22, 23, 24, 25, 26, 27, 28, 30, 31, 33, 35, 36, 38, 40, 41, 42, 43], "excluded_lines": [45, 46]}}}, "omega_ai/mm_trap_detector/queue_manager.py": {"executed_lines": [], "summary": {"covered_lines": 0, "num_statements": 82, "percent_covered": 0.0, "percent_covered_display": "0", "missing_lines": 82, "excluded_lines": 0}, "missing_lines": [8, 9, 10, 11, 12, 13, 14, 15, 17, 19, 22, 29, 32, 33, 34, 35, 38, 39, 41, 52, 53, 54, 55, 58, 61, 64, 66, 68, 71, 72, 75, 76, 79, 80, 87, 90, 91, 93, 95, 96, 97, 99, 108, 114, 116, 122, 123, 125, 130, 132, 138, 140, 146, 148, 154, 155, 157, 158, 159, 160, 161, 162, 163, 165, 167, 173, 175, 183, 184, 185, 187, 188, 189, 190, 191, 193, 197, 199, 217, 225, 226, 229], "excluded_lines": [], "functions": {"TrapQueueManager.__init__": {"executed_lines": [], "summary": {"covered_lines": 0, "num_statements": 7, "percent_covered": 0.0, "percent_covered_display": "0", "missing_lines": 7, "excluded_lines": 0}, "missing_lines": [29, 32, 33, 34, 35, 38, 39], "excluded_lines": []}, "TrapQueueManager.add_trap": {"executed_lines": [], "summary": {"covered_lines": 0, "num_statements": 22, "percent_covered": 0.0, "percent_covered_display": "0", "missing_lines": 22, "excluded_lines": 0}, "missing_lines": [52, 53, 54, 55, 58, 61, 64, 66, 68, 71, 72, 75, 76, 79, 80, 87, 90, 91, 93, 95, 96, 97], "excluded_lines": []}, "TrapQueueManager.get_recent_traps": {"executed_lines": [], "summary": {"covered_lines": 0, "num_statements": 2, "percent_covered": 0.0, "percent_covered_display": "0", "missing_lines": 2, "excluded_lines": 0}, "missing_lines": [108, 114], "excluded_lines": []}, "TrapQueueManager.cleanup_queue": {"executed_lines": [], "summary": {"covered_lines": 0, "num_statements": 4, "percent_covered": 0.0, "percent_covered_display": "0", "missing_lines": 4, "excluded_lines": 0}, "missing_lines": [122, 123, 125, 130], "excluded_lines": []}, "TrapQueueManager.get_queue_size": {"executed_lines": [], "summary": {"covered_lines": 0, "num_statements": 1, "percent_covered": 0.0, "percent_covered_display": "0", "missing_lines": 1, "excluded_lines": 0}, "missing_lines": [138], "excluded_lines": []}, "TrapQueueManager.clear_queue": {"executed_lines": [], "summary": {"covered_lines": 0, "num_statements": 1, "percent_covered": 0.0, "percent_covered_display": "0", "missing_lines": 1, "excluded_lines": 0}, "missing_lines": [146], "excluded_lines": []}, "TrapQueueManager.get_trap_distribution": {"executed_lines": [], "summary": {"covered_lines": 0, "num_statements": 10, "percent_covered": 0.0, "percent_covered_display": "0", "missing_lines": 10, "excluded_lines": 0}, "missing_lines": [154, 155, 157, 158, 159, 160, 161, 162, 163, 165], "excluded_lines": []}, "TrapQueueManager.get_queue_stats": {"executed_lines": [], "summary": {"covered_lines": 0, "num_statements": 11, "percent_covered": 0.0, "percent_covered_display": "0", "missing_lines": 11, "excluded_lines": 0}, "missing_lines": [173, 175, 183, 184, 185, 187, 188, 189, 190, 191, 193], "excluded_lines": []}, "add_trap_to_queue": {"executed_lines": [], "summary": {"covered_lines": 0, "num_statements": 4, "percent_covered": 0.0, "percent_covered_display": "0", "missing_lines": 4, "excluded_lines": 0}, "missing_lines": [217, 225, 226, 229], "excluded_lines": []}, "": {"executed_lines": [], "summary": {"covered_lines": 0, "num_statements": 20, "percent_covered": 0.0, "percent_covered_display": "0", "missing_lines": 20, "excluded_lines": 0}, "missing_lines": [8, 9, 10, 11, 12, 13, 14, 15, 17, 19, 22, 41, 99, 116, 132, 140, 148, 167, 197, 199], "excluded_lines": []}}, "classes": {"TrapQueueManager": {"executed_lines": [], "summary": {"covered_lines": 0, "num_statements": 58, "percent_covered": 0.0, "percent_covered_display": "0", "missing_lines": 58, "excluded_lines": 0}, "missing_lines": [29, 32, 33, 34, 35, 38, 39, 52, 53, 54, 55, 58, 61, 64, 66, 68, 71, 72, 75, 76, 79, 80, 87, 90, 91, 93, 95, 96, 97, 108, 114, 122, 123, 125, 130, 138, 146, 154, 155, 157, 158, 159, 160, 161, 162, 163, 165, 173, 175, 183, 184, 185, 187, 188, 189, 190, 191, 193], "excluded_lines": []}, "": {"executed_lines": [], "summary": {"covered_lines": 0, "num_statements": 24, "percent_covered": 0.0, "percent_covered_display": "0", "missing_lines": 24, "excluded_lines": 0}, "missing_lines": [8, 9, 10, 11, 12, 13, 14, 15, 17, 19, 22, 41, 99, 116, 132, 140, 148, 167, 197, 199, 217, 225, 226, 229], "excluded_lines": []}}}, "omega_ai/mm_trap_detector/trap_producer.py": {"executed_lines": [], "summary": {"covered_lines": 0, "num_statements": 24, "percent_covered": 0.0, "percent_covered_display": "0", "missing_lines": 24, "excluded_lines": 0}, "missing_lines": [7, 8, 9, 10, 13, 22, 24, 27, 35, 36, 39, 42, 43, 46, 47, 49, 51, 54, 57, 60, 71, 79, 82, 83], "excluded_lines": [], "functions": {"add_trap_to_queue": {"executed_lines": [], "summary": {"covered_lines": 0, "num_statements": 11, "percent_covered": 0.0, "percent_covered_display": "0", "missing_lines": 11, "excluded_lines": 0}, "missing_lines": [24, 27, 35, 36, 39, 42, 43, 46, 47, 49, 51], "excluded_lines": []}, "register_trap_detection": {"executed_lines": [], "summary": {"covered_lines": 0, "num_statements": 6, "percent_covered": 0.0, "percent_covered_display": "0", "missing_lines": 6, "excluded_lines": 0}, "missing_lines": [57, 60, 71, 79, 82, 83], "excluded_lines": []}, "": {"executed_lines": [], "summary": {"covered_lines": 0, "num_statements": 7, "percent_covered": 0.0, "percent_covered_display": "0", "missing_lines": 7, "excluded_lines": 0}, "missing_lines": [7, 8, 9, 10, 13, 22, 54], "excluded_lines": []}}, "classes": {"": {"executed_lines": [], "summary": {"covered_lines": 0, "num_statements": 24, "percent_covered": 0.0, "percent_covered_display": "0", "missing_lines": 24, "excluded_lines": 0}, "missing_lines": [7, 8, 9, 10, 13, 22, 24, 27, 35, 36, 39, 42, 43, 46, 47, 49, 51, 54, 57, 60, 71, 79, 82, 83], "excluded_lines": []}}}, "omega_ai/monitor/monitor_market_trends.py": {"executed_lines": [118, 120, 122, 127, 130, 131, 132, 135, 138, 149, 151, 157, 158, 161, 162, 163, 167], "summary": {"covered_lines": 17, "num_statements": 240, "percent_covered": 7.083333333333333, "percent_covered_display": "7", "missing_lines": 223, "excluded_lines": 0}, "missing_lines": [1, 2, 3, 6, 7, 8, 9, 10, 11, 12, 13, 14, 15, 18, 21, 22, 23, 24, 25, 26, 27, 28, 30, 33, 34, 35, 36, 37, 38, 39, 40, 41, 42, 44, 47, 48, 49, 50, 52, 54, 56, 58, 59, 60, 62, 63, 64, 65, 66, 67, 69, 70, 71, 73, 74, 75, 77, 79, 86, 88, 89, 90, 93, 101, 103, 105, 107, 108, 109, 111, 123, 124, 153, 154, 164, 165, 169, 170, 171, 173, 175, 176, 177, 178, 181, 182, 183, 184, 189, 191, 192, 193, 195, 197, 198, 201, 203, 204, 205, 208, 210, 212, 213, 214, 215, 216, 217, 219, 220, 222, 226, 230, 231, 235, 236, 238, 240, 241, 244, 245, 246, 247, 248, 250, 252, 254, 256, 257, 260, 262, 263, 265, 266, 267, 270, 273, 274, 275, 278, 281, 284, 287, 290, 291, 292, 293, 296, 299, 300, 302, 304, 305, 306, 308, 310, 311, 312, 313, 316, 318, 319, 320, 321, 322, 323, 324, 325, 326, 328, 330, 331, 332, 333, 334, 335, 336, 337, 338, 340, 342, 343, 344, 346, 349, 351, 361, 362, 365, 366, 368, 371, 372, 375, 376, 377, 378, 379, 380, 381, 383, 384, 387, 388, 390, 391, 393, 396, 397, 398, 399, 400, 401, 402, 403, 404, 405, 406, 407, 409, 411, 413, 414, 415], "excluded_lines": [], "functions": {"describe_movement": {"executed_lines": [], "summary": {"covered_lines": 0, "num_statements": 17, "percent_covered": 0.0, "percent_covered_display": "0", "missing_lines": 17, "excluded_lines": 0}, "missing_lines": [33, 34, 35, 36, 37, 38, 39, 40, 41, 42, 44, 47, 48, 49, 50, 52, 54], "excluded_lines": []}, "format_trend_output": {"executed_lines": [], "summary": {"covered_lines": 0, "num_statements": 16, "percent_covered": 0.0, "percent_covered_display": "0", "missing_lines": 16, "excluded_lines": 0}, "missing_lines": [58, 59, 60, 62, 63, 64, 65, 66, 67, 69, 70, 71, 73, 74, 75, 77], "excluded_lines": []}, "detect_possible_mm_traps": {"executed_lines": [], "summary": {"covered_lines": 0, "num_statements": 11, "percent_covered": 0.0, "percent_covered_display": "0", "missing_lines": 11, "excluded_lines": 0}, "missing_lines": [86, 88, 89, 90, 93, 101, 103, 105, 107, 108, 109], "excluded_lines": []}, "get_current_fibonacci_levels": {"executed_lines": [118, 120, 122, 127, 130, 131, 132, 135, 138, 149, 151, 157, 158, 161, 162, 163, 167], "summary": {"covered_lines": 17, "num_statements": 26, "percent_covered": 65.38461538461539, "percent_covered_display": "65", "missing_lines": 9, "excluded_lines": 0}, "missing_lines": [123, 124, 153, 154, 164, 165, 169, 170, 171], "excluded_lines": []}, "check_fibonacci_level": {"executed_lines": [], "summary": {"covered_lines": 0, "num_statements": 12, "percent_covered": 0.0, "percent_covered_display": "0", "missing_lines": 12, "excluded_lines": 0}, "missing_lines": [175, 176, 177, 178, 181, 182, 183, 184, 189, 191, 192, 193], "excluded_lines": []}, "display_fibonacci_analysis": {"executed_lines": [], "summary": {"covered_lines": 0, "num_statements": 32, "percent_covered": 0.0, "percent_covered_display": "0", "missing_lines": 32, "excluded_lines": 0}, "missing_lines": [197, 198, 201, 203, 204, 205, 208, 210, 212, 213, 214, 215, 216, 217, 219, 220, 222, 226, 230, 231, 235, 236, 238, 240, 241, 244, 245, 246, 247, 248, 250, 252], "excluded_lines": []}, "monitor_market_trends": {"executed_lines": [], "summary": {"covered_lines": 0, "num_statements": 32, "percent_covered": 0.0, "percent_covered_display": "0", "missing_lines": 32, "excluded_lines": 0}, "missing_lines": [256, 257, 260, 262, 263, 265, 266, 267, 270, 273, 274, 275, 278, 281, 284, 287, 290, 291, 292, 293, 296, 299, 300, 302, 304, 305, 306, 308, 310, 311, 312, 313], "excluded_lines": []}, "get_colored_trend": {"executed_lines": [], "summary": {"covered_lines": 0, "num_statements": 9, "percent_covered": 0.0, "percent_covered_display": "0", "missing_lines": 9, "excluded_lines": 0}, "missing_lines": [318, 319, 320, 321, 322, 323, 324, 325, 326], "excluded_lines": []}, "get_colored_change": {"executed_lines": [], "summary": {"covered_lines": 0, "num_statements": 9, "percent_covered": 0.0, "percent_covered_display": "0", "missing_lines": 9, "excluded_lines": 0}, "missing_lines": [330, 331, 332, 333, 334, 335, 336, 337, 338], "excluded_lines": []}, "print_schumann_influence": {"executed_lines": [], "summary": {"covered_lines": 0, "num_statements": 3, "percent_covered": 0.0, "percent_covered_display": "0", "missing_lines": 3, "excluded_lines": 0}, "missing_lines": [342, 343, 344], "excluded_lines": []}, "check_fibonacci_alignment": {"executed_lines": [], "summary": {"covered_lines": 0, "num_statements": 1, "percent_covered": 0.0, "percent_covered_display": "0", "missing_lines": 1, "excluded_lines": 0}, "missing_lines": [349], "excluded_lines": []}, "analyze_price_trend": {"executed_lines": [], "summary": {"covered_lines": 0, "num_statements": 38, "percent_covered": 0.0, "percent_covered_display": "0", "missing_lines": 38, "excluded_lines": 0}, "missing_lines": [361, 362, 365, 366, 368, 371, 372, 375, 376, 377, 378, 379, 380, 381, 383, 384, 387, 388, 390, 391, 393, 396, 397, 398, 399, 400, 401, 402, 403, 404, 405, 406, 407, 409, 411, 413, 414, 415], "excluded_lines": []}, "": {"executed_lines": [], "summary": {"covered_lines": 0, "num_statements": 34, "percent_covered": 0.0, "percent_covered_display": "0", "missing_lines": 34, "excluded_lines": 0}, "missing_lines": [1, 2, 3, 6, 7, 8, 9, 10, 11, 12, 13, 14, 15, 18, 21, 22, 23, 24, 25, 26, 27, 28, 30, 56, 79, 111, 173, 195, 254, 316, 328, 340, 346, 351], "excluded_lines": []}}, "classes": {"": {"executed_lines": [118, 120, 122, 127, 130, 131, 132, 135, 138, 149, 151, 157, 158, 161, 162, 163, 167], "summary": {"covered_lines": 17, "num_statements": 240, "percent_covered": 7.083333333333333, "percent_covered_display": "7", "missing_lines": 223, "excluded_lines": 0}, "missing_lines": [1, 2, 3, 6, 7, 8, 9, 10, 11, 12, 13, 14, 15, 18, 21, 22, 23, 24, 25, 26, 27, 28, 30, 33, 34, 35, 36, 37, 38, 39, 40, 41, 42, 44, 47, 48, 49, 50, 52, 54, 56, 58, 59, 60, 62, 63, 64, 65, 66, 67, 69, 70, 71, 73, 74, 75, 77, 79, 86, 88, 89, 90, 93, 101, 103, 105, 107, 108, 109, 111, 123, 124, 153, 154, 164, 165, 169, 170, 171, 173, 175, 176, 177, 178, 181, 182, 183, 184, 189, 191, 192, 193, 195, 197, 198, 201, 203, 204, 205, 208, 210, 212, 213, 214, 215, 216, 217, 219, 220, 222, 226, 230, 231, 235, 236, 238, 240, 241, 244, 245, 246, 247, 248, 250, 252, 254, 256, 257, 260, 262, 263, 265, 266, 267, 270, 273, 274, 275, 278, 281, 284, 287, 290, 291, 292, 293, 296, 299, 300, 302, 304, 305, 306, 308, 310, 311, 312, 313, 316, 318, 319, 320, 321, 322, 323, 324, 325, 326, 328, 330, 331, 332, 333, 334, 335, 336, 337, 338, 340, 342, 343, 344, 346, 349, 351, 361, 362, 365, 366, 368, 371, 372, 375, 376, 377, 378, 379, 380, 381, 383, 384, 387, 388, 390, 391, 393, 396, 397, 398, 399, 400, 401, 402, 403, 404, 405, 406, 407, 409, 411, 413, 414, 415], "excluded_lines": []}}}, "omega_ai/redis_dump_split.py": {"executed_lines": [], "summary": {"covered_lines": 0, "num_statements": 134, "percent_covered": 0.0, "percent_covered_display": "0", "missing_lines": 134, "excluded_lines": 2}, "missing_lines": [16, 17, 18, 19, 20, 21, 22, 25, 26, 27, 28, 29, 30, 32, 34, 36, 37, 39, 40, 41, 44, 45, 46, 47, 48, 49, 51, 53, 54, 55, 56, 57, 58, 59, 60, 62, 64, 65, 67, 70, 71, 72, 73, 74, 75, 78, 81, 82, 83, 84, 86, 87, 89, 91, 93, 94, 96, 99, 100, 101, 102, 103, 105, 106, 108, 109, 111, 114, 115, 117, 118, 120, 122, 123, 124, 127, 128, 131, 132, 134, 137, 151, 153, 154, 155, 156, 157, 158, 161, 162, 163, 164, 167, 168, 169, 170, 171, 174, 175, 178, 179, 180, 183, 184, 185, 191, 193, 195, 196, 198, 199, 200, 201, 202, 203, 204, 205, 206, 208, 210, 213, 214, 215, 216, 219, 220, 221, 222, 225, 226, 227, 228, 231, 232], "excluded_lines": [234, 235], "functions": {"find_latest_dump": {"executed_lines": [], "summary": {"covered_lines": 0, "num_statements": 12, "percent_covered": 0.0, "percent_covered_display": "0", "missing_lines": 12, "excluded_lines": 0}, "missing_lines": [34, 36, 37, 39, 40, 41, 44, 45, 46, 47, 48, 49], "excluded_lines": []}, "load_dump_file": {"executed_lines": [], "summary": {"covered_lines": 0, "num_statements": 8, "percent_covered": 0.0, "percent_covered_display": "0", "missing_lines": 8, "excluded_lines": 0}, "missing_lines": [53, 54, 55, 56, 57, 58, 59, 60], "excluded_lines": []}, "analyze_data": {"executed_lines": [], "summary": {"covered_lines": 0, "num_statements": 17, "percent_covered": 0.0, "percent_covered_display": "0", "missing_lines": 17, "excluded_lines": 0}, "missing_lines": [64, 65, 67, 70, 71, 72, 73, 74, 75, 78, 81, 82, 83, 84, 86, 87, 89], "excluded_lines": []}, "compress_entry": {"executed_lines": [], "summary": {"covered_lines": 0, "num_statements": 2, "percent_covered": 0.0, "percent_covered_display": "0", "missing_lines": 2, "excluded_lines": 0}, "missing_lines": [93, 94], "excluded_lines": []}, "save_compressed_chunk": {"executed_lines": [], "summary": {"covered_lines": 0, "num_statements": 14, "percent_covered": 0.0, "percent_covered_display": "0", "missing_lines": 14, "excluded_lines": 0}, "missing_lines": [99, 100, 101, 102, 103, 105, 106, 108, 109, 111, 114, 115, 117, 118], "excluded_lines": []}, "split_data": {"executed_lines": [], "summary": {"covered_lines": 0, "num_statements": 34, "percent_covered": 0.0, "percent_covered_display": "0", "missing_lines": 34, "excluded_lines": 0}, "missing_lines": [122, 123, 124, 127, 128, 131, 132, 134, 137, 151, 153, 154, 155, 156, 157, 158, 161, 162, 163, 164, 167, 168, 169, 170, 171, 174, 175, 178, 179, 180, 183, 184, 185, 191], "excluded_lines": []}, "save_chunks": {"executed_lines": [], "summary": {"covered_lines": 0, "num_statements": 11, "percent_covered": 0.0, "percent_covered_display": "0", "missing_lines": 11, "excluded_lines": 0}, "missing_lines": [195, 196, 198, 199, 200, 201, 202, 203, 204, 205, 206], "excluded_lines": []}, "main": {"executed_lines": [], "summary": {"covered_lines": 0, "num_statements": 15, "percent_covered": 0.0, "percent_covered_display": "0", "missing_lines": 15, "excluded_lines": 0}, "missing_lines": [210, 213, 214, 215, 216, 219, 220, 221, 222, 225, 226, 227, 228, 231, 232], "excluded_lines": []}, "": {"executed_lines": [], "summary": {"covered_lines": 0, "num_statements": 21, "percent_covered": 0.0, "percent_covered_display": "0", "missing_lines": 21, "excluded_lines": 2}, "missing_lines": [16, 17, 18, 19, 20, 21, 22, 25, 26, 27, 28, 29, 30, 32, 51, 62, 91, 96, 120, 193, 208], "excluded_lines": [234, 235]}}, "classes": {"": {"executed_lines": [], "summary": {"covered_lines": 0, "num_statements": 134, "percent_covered": 0.0, "percent_covered_display": "0", "missing_lines": 134, "excluded_lines": 2}, "missing_lines": [16, 17, 18, 19, 20, 21, 22, 25, 26, 27, 28, 29, 30, 32, 34, 36, 37, 39, 40, 41, 44, 45, 46, 47, 48, 49, 51, 53, 54, 55, 56, 57, 58, 59, 60, 62, 64, 65, 67, 70, 71, 72, 73, 74, 75, 78, 81, 82, 83, 84, 86, 87, 89, 91, 93, 94, 96, 99, 100, 101, 102, 103, 105, 106, 108, 109, 111, 114, 115, 117, 118, 120, 122, 123, 124, 127, 128, 131, 132, 134, 137, 151, 153, 154, 155, 156, 157, 158, 161, 162, 163, 164, 167, 168, 169, 170, 171, 174, 175, 178, 179, 180, 183, 184, 185, 191, 193, 195, 196, 198, 199, 200, 201, 202, 203, 204, 205, 206, 208, 210, 213, 214, 215, 216, 219, 220, 221, 222, 225, 226, 227, 228, 231, 232], "excluded_lines": [234, 235]}}}, "omega_ai/reporting/dashboard_generator.py": {"executed_lines": [], "summary": {"covered_lines": 0, "num_statements": 51, "percent_covered": 0.0, "percent_covered_display": "0", "missing_lines": 51, "excluded_lines": 0}, "missing_lines": [8, 9, 11, 14, 15, 16, 18, 20, 84, 86, 122, 123, 124, 126, 128, 175, 176, 177, 179, 181, 220, 221, 222, 224, 226, 239, 240, 241, 242, 244, 246, 249, 250, 251, 254, 255, 256, 257, 260, 261, 262, 265, 267, 269, 271, 272, 273, 274, 275, 276, 277], "excluded_lines": [], "functions": {"GrafanaDashboardGenerator.__init__": {"executed_lines": [], "summary": {"covered_lines": 0, "num_statements": 2, "percent_covered": 0.0, "percent_covered_display": "0", "missing_lines": 2, "excluded_lines": 0}, "missing_lines": [15, 16], "excluded_lines": []}, "GrafanaDashboardGenerator.create_dashboard_base": {"executed_lines": [], "summary": {"covered_lines": 0, "num_statements": 1, "percent_covered": 0.0, "percent_covered_display": "0", "missing_lines": 1, "excluded_lines": 0}, "missing_lines": [20], "excluded_lines": []}, "GrafanaDashboardGenerator.create_win_rate_panel": {"executed_lines": [], "summary": {"covered_lines": 0, "num_statements": 4, "percent_covered": 0.0, "percent_covered_display": "0", "missing_lines": 4, "excluded_lines": 0}, "missing_lines": [86, 122, 123, 124], "excluded_lines": []}, "GrafanaDashboardGenerator.create_pnl_panel": {"executed_lines": [], "summary": {"covered_lines": 0, "num_statements": 4, "percent_covered": 0.0, "percent_covered_display": "0", "missing_lines": 4, "excluded_lines": 0}, "missing_lines": [128, 175, 176, 177], "excluded_lines": []}, "GrafanaDashboardGenerator.create_trader_capital_panel": {"executed_lines": [], "summary": {"covered_lines": 0, "num_statements": 4, "percent_covered": 0.0, "percent_covered_display": "0", "missing_lines": 4, "excluded_lines": 0}, "missing_lines": [181, 220, 221, 222], "excluded_lines": []}, "GrafanaDashboardGenerator.add_row": {"executed_lines": [], "summary": {"covered_lines": 0, "num_statements": 5, "percent_covered": 0.0, "percent_covered_display": "0", "missing_lines": 5, "excluded_lines": 0}, "missing_lines": [226, 239, 240, 241, 242], "excluded_lines": []}, "GrafanaDashboardGenerator.create_trader_dashboard": {"executed_lines": [], "summary": {"covered_lines": 0, "num_statements": 13, "percent_covered": 0.0, "percent_covered_display": "0", "missing_lines": 13, "excluded_lines": 0}, "missing_lines": [246, 249, 250, 251, 254, 255, 256, 257, 260, 261, 262, 265, 267], "excluded_lines": []}, "GrafanaDashboardGenerator.export_dashboard": {"executed_lines": [], "summary": {"covered_lines": 0, "num_statements": 7, "percent_covered": 0.0, "percent_covered_display": "0", "missing_lines": 7, "excluded_lines": 0}, "missing_lines": [271, 272, 273, 274, 275, 276, 277], "excluded_lines": []}, "": {"executed_lines": [], "summary": {"covered_lines": 0, "num_statements": 11, "percent_covered": 0.0, "percent_covered_display": "0", "missing_lines": 11, "excluded_lines": 0}, "missing_lines": [8, 9, 11, 14, 18, 84, 126, 179, 224, 244, 269], "excluded_lines": []}}, "classes": {"GrafanaDashboardGenerator": {"executed_lines": [], "summary": {"covered_lines": 0, "num_statements": 40, "percent_covered": 0.0, "percent_covered_display": "0", "missing_lines": 40, "excluded_lines": 0}, "missing_lines": [15, 16, 20, 86, 122, 123, 124, 128, 175, 176, 177, 181, 220, 221, 222, 226, 239, 240, 241, 242, 246, 249, 250, 251, 254, 255, 256, 257, 260, 261, 262, 265, 267, 271, 272, 273, 274, 275, 276, 277], "excluded_lines": []}, "": {"executed_lines": [], "summary": {"covered_lines": 0, "num_statements": 11, "percent_covered": 0.0, "percent_covered_display": "0", "missing_lines": 11, "excluded_lines": 0}, "missing_lines": [8, 9, 11, 14, 18, 84, 126, 179, 224, 244, 269], "excluded_lines": []}}}, "omega_ai/reporting/futures_reporter.py": {"executed_lines": [], "summary": {"covered_lines": 0, "num_statements": 420, "percent_covered": 0.0, "percent_covered_display": "0", "missing_lines": 420, "excluded_lines": 1}, "missing_lines": [10, 11, 12, 13, 14, 15, 16, 18, 24, 32, 33, 35, 36, 38, 41, 42, 43, 46, 47, 48, 50, 62, 65, 85, 86, 87, 88, 89, 92, 95, 96, 97, 98, 99, 100, 102, 104, 124, 125, 126, 127, 128, 129, 130, 133, 134, 135, 137, 138, 139, 140, 141, 142, 143, 146, 147, 150, 151, 153, 154, 156, 157, 158, 159, 162, 163, 164, 165, 166, 167, 168, 169, 171, 184, 192, 193, 194, 195, 196, 199, 202, 203, 204, 205, 206, 207, 208, 209, 211, 221, 222, 223, 225, 226, 227, 228, 229, 231, 241, 242, 243, 245, 246, 247, 248, 249, 252, 257, 258, 269, 279, 282, 283, 285, 286, 289, 290, 291, 292, 295, 298, 299, 300, 301, 302, 303, 305, 307, 308, 319, 330, 342, 343, 344, 346, 347, 350, 351, 353, 354, 357, 358, 359, 360, 362, 365, 372, 375, 376, 377, 379, 381, 445, 447, 483, 484, 485, 487, 489, 536, 537, 538, 540, 542, 581, 582, 583, 585, 588, 623, 624, 625, 627, 630, 665, 666, 667, 669, 671, 684, 685, 686, 687, 689, 691, 694, 695, 696, 699, 700, 701, 702, 705, 706, 707, 708, 709, 710, 712, 714, 716, 717, 718, 719, 720, 721, 722, 725, 731, 751, 752, 753, 754, 755, 756, 759, 762, 763, 766, 767, 769, 770, 772, 781, 794, 795, 797, 816, 817, 818, 819, 821, 822, 825, 826, 827, 830, 831, 832, 833, 834, 835, 838, 839, 840, 841, 844, 861, 862, 864, 866, 884, 885, 886, 887, 889, 890, 891, 894, 895, 896, 899, 900, 901, 904, 915, 916, 919, 920, 921, 923, 926, 927, 930, 931, 933, 935, 945, 946, 947, 948, 950, 951, 954, 957, 963, 965, 967, 969, 979, 980, 981, 984, 985, 986, 989, 990, 991, 992, 993, 994, 995, 996, 999, 1000, 1001, 1002, 1003, 1004, 1005, 1008, 1009, 1010, 1011, 1012, 1013, 1014, 1017, 1018, 1019, 1020, 1021, 1022, 1023, 1025, 1027, 1029, 1030, 1031, 1034, 1035, 1038, 1041, 1042, 1043, 1045, 1046, 1047, 1048, 1050, 1051, 1053, 1054, 1057, 1058, 1059, 1060, 1061, 1062, 1063, 1064, 1065, 1066, 1067, 1070, 1071, 1072, 1075, 1076, 1077, 1078, 1079, 1080, 1083, 1102, 1104, 1114, 1116, 1119, 1126, 1127, 1129, 1131, 1141, 1143, 1145, 1146, 1148, 1155, 1156, 1157, 1159, 1165, 1167, 1170, 1179, 1180, 1181, 1183, 1184, 1185, 1186, 1187, 1188, 1190, 1192, 1202, 1203, 1204, 1205, 1206, 1207, 1208, 1209, 1211, 1218, 1220, 1221, 1222, 1223, 1224, 1226, 1227, 1229, 1231, 1232, 1233, 1234, 1235, 1236], "excluded_lines": [1068], "functions": {"TradeLogger.__init__": {"executed_lines": [], "summary": {"covered_lines": 0, "num_statements": 11, "percent_covered": 0.0, "percent_covered_display": "0", "missing_lines": 11, "excluded_lines": 0}, "missing_lines": [32, 33, 35, 36, 38, 41, 42, 43, 46, 47, 48], "excluded_lines": []}, "TradeLogger.log_trade_entry": {"executed_lines": [], "summary": {"covered_lines": 0, "num_statements": 15, "percent_covered": 0.0, "percent_covered_display": "0", "missing_lines": 15, "excluded_lines": 0}, "missing_lines": [62, 65, 85, 86, 87, 88, 89, 92, 95, 96, 97, 98, 99, 100, 102], "excluded_lines": []}, "TradeLogger.log_trade_exit": {"executed_lines": [], "summary": {"covered_lines": 0, "num_statements": 35, "percent_covered": 0.0, "percent_covered_display": "0", "missing_lines": 35, "excluded_lines": 0}, "missing_lines": [124, 125, 126, 127, 128, 129, 130, 133, 134, 135, 137, 138, 139, 140, 141, 142, 143, 146, 147, 150, 151, 153, 154, 156, 157, 158, 159, 162, 163, 164, 165, 166, 167, 168, 169], "excluded_lines": []}, "TradeLogger.log_trader_metrics": {"executed_lines": [], "summary": {"covered_lines": 0, "num_statements": 15, "percent_covered": 0.0, "percent_covered_display": "0", "missing_lines": 15, "excluded_lines": 0}, "missing_lines": [184, 192, 193, 194, 195, 196, 199, 202, 203, 204, 205, 206, 207, 208, 209], "excluded_lines": []}, "TradeLogger.get_trades_by_trader": {"executed_lines": [], "summary": {"covered_lines": 0, "num_statements": 8, "percent_covered": 0.0, "percent_covered_display": "0", "missing_lines": 8, "excluded_lines": 0}, "missing_lines": [221, 222, 223, 225, 226, 227, 228, 229], "excluded_lines": []}, "TradeLogger.get_metrics_by_trader": {"executed_lines": [], "summary": {"covered_lines": 0, "num_statements": 8, "percent_covered": 0.0, "percent_covered_display": "0", "missing_lines": 8, "excluded_lines": 0}, "missing_lines": [241, 242, 243, 245, 246, 247, 248, 249], "excluded_lines": []}, "GrafanaMetricsFormatter.format_trade_time_series": {"executed_lines": [], "summary": {"covered_lines": 0, "num_statements": 18, "percent_covered": 0.0, "percent_covered_display": "0", "missing_lines": 18, "excluded_lines": 0}, "missing_lines": [269, 279, 282, 283, 285, 286, 289, 290, 291, 292, 295, 298, 299, 300, 301, 302, 303, 305], "excluded_lines": []}, "GrafanaMetricsFormatter.format_exit_type_statistics": {"executed_lines": [], "summary": {"covered_lines": 0, "num_statements": 17, "percent_covered": 0.0, "percent_covered_display": "0", "missing_lines": 17, "excluded_lines": 0}, "missing_lines": [319, 330, 342, 343, 344, 346, 347, 350, 351, 353, 354, 357, 358, 359, 360, 362, 365], "excluded_lines": []}, "GrafanaDashboardGenerator.__init__": {"executed_lines": [], "summary": {"covered_lines": 0, "num_statements": 2, "percent_covered": 0.0, "percent_covered_display": "0", "missing_lines": 2, "excluded_lines": 0}, "missing_lines": [376, 377], "excluded_lines": []}, "GrafanaDashboardGenerator.create_dashboard_base": {"executed_lines": [], "summary": {"covered_lines": 0, "num_statements": 1, "percent_covered": 0.0, "percent_covered_display": "0", "missing_lines": 1, "excluded_lines": 0}, "missing_lines": [381], "excluded_lines": []}, "GrafanaDashboardGenerator.create_win_rate_panel": {"executed_lines": [], "summary": {"covered_lines": 0, "num_statements": 4, "percent_covered": 0.0, "percent_covered_display": "0", "missing_lines": 4, "excluded_lines": 0}, "missing_lines": [447, 483, 484, 485], "excluded_lines": []}, "GrafanaDashboardGenerator.create_pnl_panel": {"executed_lines": [], "summary": {"covered_lines": 0, "num_statements": 4, "percent_covered": 0.0, "percent_covered_display": "0", "missing_lines": 4, "excluded_lines": 0}, "missing_lines": [489, 536, 537, 538], "excluded_lines": []}, "GrafanaDashboardGenerator.create_trader_capital_panel": {"executed_lines": [], "summary": {"covered_lines": 0, "num_statements": 4, "percent_covered": 0.0, "percent_covered_display": "0", "missing_lines": 4, "excluded_lines": 0}, "missing_lines": [542, 581, 582, 583], "excluded_lines": []}, "GrafanaDashboardGenerator.create_emotional_state_panel": {"executed_lines": [], "summary": {"covered_lines": 0, "num_statements": 4, "percent_covered": 0.0, "percent_covered_display": "0", "missing_lines": 4, "excluded_lines": 0}, "missing_lines": [588, 623, 624, 625], "excluded_lines": []}, "GrafanaDashboardGenerator.create_exit_type_panel": {"executed_lines": [], "summary": {"covered_lines": 0, "num_statements": 4, "percent_covered": 0.0, "percent_covered_display": "0", "missing_lines": 4, "excluded_lines": 0}, "missing_lines": [630, 665, 666, 667], "excluded_lines": []}, "GrafanaDashboardGenerator.add_row": {"executed_lines": [], "summary": {"covered_lines": 0, "num_statements": 5, "percent_covered": 0.0, "percent_covered_display": "0", "missing_lines": 5, "excluded_lines": 0}, "missing_lines": [671, 684, 685, 686, 687], "excluded_lines": []}, "GrafanaDashboardGenerator.create_trader_dashboard": {"executed_lines": [], "summary": {"covered_lines": 0, "num_statements": 15, "percent_covered": 0.0, "percent_covered_display": "0", "missing_lines": 15, "excluded_lines": 0}, "missing_lines": [691, 694, 695, 696, 699, 700, 701, 702, 705, 706, 707, 708, 709, 710, 712], "excluded_lines": []}, "GrafanaDashboardGenerator.export_dashboard": {"executed_lines": [], "summary": {"covered_lines": 0, "num_statements": 7, "percent_covered": 0.0, "percent_covered_display": "0", "missing_lines": 7, "excluded_lines": 0}, "missing_lines": [716, 717, 718, 719, 720, 721, 722], "excluded_lines": []}, "FuturesReporter.__init__": {"executed_lines": [], "summary": {"covered_lines": 0, "num_statements": 13, "percent_covered": 0.0, "percent_covered_display": "0", "missing_lines": 13, "excluded_lines": 0}, "mis
[...]
covered_lines": 0, "num_statements": 33, "percent_covered": 0.0, "percent_covered_display": "0", "missing_lines": 33, "excluded_lines": 0}, "missing_lines": [190, 192, 194, 195, 196, 198, 201, 202, 203, 204, 206, 207, 208, 209, 211, 212, 213, 214, 216, 218, 219, 220, 221, 224, 225, 230, 236, 237, 238, 239, 244, 245, 247], "excluded_lines": []}, "TradingAnalyzer.analyze_short_timeframes": {"executed_lines": [], "summary": {"covered_lines": 0, "num_statements": 33, "percent_covered": 0.0, "percent_covered_display": "0", "missing_lines": 33, "excluded_lines": 0}, "missing_lines": [251, 252, 255, 258, 259, 260, 261, 264, 265, 266, 267, 269, 270, 271, 272, 274, 277, 278, 279, 282, 283, 285, 286, 287, 289, 290, 291, 293, 294, 295, 297, 298, 300], "excluded_lines": []}, "TradingAnalyzer.analyze_volume_acceleration": {"executed_lines": [], "summary": {"covered_lines": 0, "num_statements": 40, "percent_covered": 0.0, "percent_covered_display": "0", "missing_lines": 40, "excluded_lines": 0}, "missing_lines": [304, 305, 307, 309, 310, 312, 313, 315, 317, 318, 319, 320, 321, 322, 323, 325, 328, 329, 331, 332, 333, 335, 336, 339, 342, 343, 344, 345, 346, 347, 348, 349, 350, 354, 355, 356, 357, 359, 360, 362], "excluded_lines": []}, "TradingAnalyzer.evaluate_fibonacci_entry": {"executed_lines": [], "summary": {"covered_lines": 0, "num_statements": 40, "percent_covered": 0.0, "percent_covered_display": "0", "missing_lines": 40, "excluded_lines": 0}, "missing_lines": [366, 367, 369, 370, 371, 374, 375, 378, 379, 380, 381, 382, 383, 384, 385, 386, 388, 389, 390, 392, 395, 396, 397, 400, 402, 404, 405, 406, 408, 409, 410, 412, 414, 416, 417, 418, 420, 421, 422, 424], "excluded_lines": []}, "TradingAnalyzer.check_market_conditions": {"executed_lines": [], "summary": {"covered_lines": 0, "num_statements": 24, "percent_covered": 0.0, "percent_covered_display": "0", "missing_lines": 24, "excluded_lines": 0}, "missing_lines": [428, 429, 432, 433, 434, 437, 438, 439, 440, 443, 445, 446, 447, 450, 451, 452, 453, 454, 455, 456, 459, 460, 461, 463], "excluded_lines": []}, "TradingAnalyzer.calculate_entry_score": {"executed_lines": [], "summary": {"covered_lines": 0, "num_statements": 50, "percent_covered": 0.0, "percent_covered_display": "0", "missing_lines": 50, "excluded_lines": 0}, "missing_lines": [467, 468, 469, 470, 471, 472, 475, 476, 477, 478, 479, 482, 483, 486, 487, 490, 491, 492, 493, 494, 496, 499, 501, 503, 504, 506, 507, 508, 510, 516, 517, 518, 520, 521, 522, 524, 528, 529, 530, 532, 533, 534, 536, 541, 542, 544, 549, 550, 552, 557], "excluded_lines": []}, "TradingAnalyzer.analyze_trading_opportunity": {"executed_lines": [], "summary": {"covered_lines": 0, "num_statements": 23, "percent_covered": 0.0, "percent_covered_display": "0", "missing_lines": 23, "excluded_lines": 0}, "missing_lines": [569, 570, 571, 573, 575, 576, 577, 580, 583, 584, 585, 586, 587, 590, 593, 594, 595, 596, 597, 600, 601, 602, 604], "excluded_lines": []}, "TradingAnalyzer.analyze_timeframe_trend": {"executed_lines": [], "summary": {"covered_lines": 0, "num_statements": 47, "percent_covered": 0.0, "percent_covered_display": "0", "missing_lines": 47, "excluded_lines": 0}, "missing_lines": [608, 610, 612, 613, 615, 616, 618, 619, 620, 622, 625, 626, 629, 632, 633, 634, 635, 638, 641, 642, 643, 644, 645, 646, 649, 650, 651, 653, 654, 655, 656, 658, 661, 662, 664, 666, 668, 675, 677, 684, 696, 698, 700, 701, 702, 704, 707], "excluded_lines": []}, "safe_float_convert": {"executed_lines": [], "summary": {"covered_lines": 0, "num_statements": 19, "percent_covered": 0.0, "percent_covered_display": "0", "missing_lines": 19, "excluded_lines": 0}, "missing_lines": [717, 718, 719, 721, 723, 724, 725, 726, 727, 728, 729, 730, 731, 732, 733, 735, 736, 737, 738], "excluded_lines": []}, "": {"executed_lines": [], "summary": {"covered_lines": 0, "num_statements": 36, "percent_covered": 0.0, "percent_covered_display": "0", "missing_lines": 36, "excluded_lines": 0}, "missing_lines": [10, 11, 12, 13, 14, 15, 16, 17, 19, 22, 23, 26, 27, 28, 29, 30, 31, 32, 33, 34, 35, 36, 38, 41, 53, 72, 83, 188, 249, 302, 364, 426, 465, 559, 606, 715], "excluded_lines": []}}, "classes": {"TradingAnalyzer": {"executed_lines": [], "summary": {"covered_lines": 0, "num_statements": 370, "percent_covered": 0.0, "percent_covered_display": "0", "missing_lines": 370, "excluded_lines": 0}, "missing_lines": [43, 44, 45, 46, 47, 48, 51, 55, 56, 58, 67, 68, 70, 74, 75, 76, 77, 78, 79, 80, 81, 85, 96, 99, 100, 101, 102, 103, 104, 106, 107, 108, 111, 112, 113, 114, 115, 116, 117, 118, 119, 121, 122, 123, 126, 127, 129, 130, 131, 132, 133, 135, 136, 137, 138, 145, 150, 151, 154, 155, 156, 157, 158, 159, 161, 162, 168, 169, 172, 173, 174, 176, 177, 178, 180, 181, 182, 183, 184, 186, 190, 192, 194, 195, 196, 198, 201, 202, 203, 204, 206, 207, 208, 209, 211, 212, 213, 214, 216, 218, 219, 220, 221, 224, 225, 230, 236, 237, 238, 239, 244, 245, 247, 251, 252, 255, 258, 259, 260, 261, 264, 265, 266, 267, 269, 270, 271, 272, 274, 277, 278, 279, 282, 283, 285, 286, 287, 289, 290, 291, 293, 294, 295, 297, 298, 300, 304, 305, 307, 309, 310, 312, 313, 315, 317, 318, 319, 320, 321, 322, 323, 325, 328, 329, 331, 332, 333, 335, 336, 339, 342, 343, 344, 345, 346, 347, 348, 349, 350, 354, 355, 356, 357, 359, 360, 362, 366, 367, 369, 370, 371, 374, 375, 378, 379, 380, 381, 382, 383, 384, 385, 386, 388, 389, 390, 392, 395, 396, 397, 400, 402, 404, 405, 406, 408, 409, 410, 412, 414, 416, 417, 418, 420, 421, 422, 424, 428, 429, 432, 433, 434, 437, 438, 439, 440, 443, 445, 446, 447, 450, 451, 452, 453, 454, 455, 456, 459, 460, 461, 463, 467, 468, 469, 470, 471, 472, 475, 476, 477, 478, 479, 482, 483, 486, 487, 490, 491, 492, 493, 494, 496, 499, 501, 503, 504, 506, 507, 508, 510, 516, 517, 518, 520, 521, 522, 524, 528, 529, 530, 532, 533, 534, 536, 541, 542, 544, 549, 550, 552, 557, 569, 570, 571, 573, 575, 576, 577, 580, 583, 584, 585, 586, 587, 590, 593, 594, 595, 596, 597, 600, 601, 602, 604, 608, 610, 612, 613, 615, 616, 618, 619, 620, 622, 625, 626, 629, 632, 633, 634, 635, 638, 641, 642, 643, 644, 645, 646, 649, 650, 651, 653, 654, 655, 656, 658, 661, 662, 664, 666, 668, 675, 677, 684, 696, 698, 700, 701, 702, 704, 707], "excluded_lines": []}, "": {"executed_lines": [], "summary": {"covered_lines": 0, "num_statements": 55, "percent_covered": 0.0, "percent_covered_display": "0", "missing_lines": 55, "excluded_lines": 0}, "missing_lines": [10, 11, 12, 13, 14, 15, 16, 17, 19, 22, 23, 26, 27, 28, 29, 30, 31, 32, 33, 34, 35, 36, 38, 41, 53, 72, 83, 188, 249, 302, 364, 426, 465, 559, 606, 715, 717, 718, 719, 721, 723, 724, 725, 726, 727, 728, 729, 730, 731, 732, 733, 735, 736, 737, 738], "excluded_lines": []}}}, "omega_ai/trading/trading_manager.py": {"executed_lines": [], "summary": {"covered_lines": 0, "num_statements": 43, "percent_covered": 0.0, "percent_covered_display": "0", "missing_lines": 43, "excluded_lines": 0}, "missing_lines": [1, 2, 3, 4, 5, 7, 8, 9, 10, 11, 12, 14, 15, 16, 17, 18, 20, 22, 24, 25, 26, 28, 29, 30, 32, 34, 36, 37, 39, 41, 42, 45, 51, 58, 60, 62, 63, 65, 72, 75, 76, 77, 78], "excluded_lines": [], "functions": {"TradingManager.__init__": {"executed_lines": [], "summary": {"covered_lines": 0, "num_statements": 3, "percent_covered": 0.0, "percent_covered_display": "0", "missing_lines": 3, "excluded_lines": 0}, "missing_lines": [16, 17, 18], "excluded_lines": []}, "TradingManager.validate_profile_parameters": {"executed_lines": [], "summary": {"covered_lines": 0, "num_statements": 8, "percent_covered": 0.0, "percent_covered_display": "0", "missing_lines": 8, "excluded_lines": 0}, "missing_lines": [22, 24, 25, 26, 28, 29, 30, 32], "excluded_lines": []}, "TradingManager.is_fibonacci_checkpoint": {"executed_lines": [], "summary": {"covered_lines": 0, "num_statements": 2, "percent_covered": 0.0, "percent_covered_display": "0", "missing_lines": 2, "excluded_lines": 0}, "missing_lines": [36, 37], "excluded_lines": []}, "TradingManager.calculate_energy_state": {"executed_lines": [], "summary": {"covered_lines": 0, "num_statements": 5, "percent_covered": 0.0, "percent_covered_display": "0", "missing_lines": 5, "excluded_lines": 0}, "missing_lines": [41, 42, 45, 51, 58], "excluded_lines": []}, "TradingManager.update_checkpoints": {"executed_lines": [], "summary": {"covered_lines": 0, "num_statements": 8, "percent_covered": 0.0, "percent_covered_display": "0", "missing_lines": 8, "excluded_lines": 0}, "missing_lines": [62, 63, 65, 72, 75, 76, 77, 78], "excluded_lines": []}, "": {"executed_lines": [], "summary": {"covered_lines": 0, "num_statements": 17, "percent_covered": 0.0, "percent_covered_display": "0", "missing_lines": 17, "excluded_lines": 0}, "missing_lines": [1, 2, 3, 4, 5, 7, 8, 9, 10, 11, 12, 14, 15, 20, 34, 39, 60], "excluded_lines": []}}, "classes": {"FibonacciCheckpoint": {"executed_lines": [], "summary": {"covered_lines": 0, "num_statements": 0, "percent_covered": 100.0, "percent_covered_display": "100", "missing_lines": 0, "excluded_lines": 0}, "missing_lines": [], "excluded_lines": []}, "TradingManager": {"executed_lines": [], "summary": {"covered_lines": 0, "num_statements": 26, "percent_covered": 0.0, "percent_covered_display": "0", "missing_lines": 26, "excluded_lines": 0}, "missing_lines": [16, 17, 18, 22, 24, 25, 26, 28, 29, 30, 32, 36, 37, 41, 42, 45, 51, 58, 62, 63, 65, 72, 75, 76, 77, 78], "excluded_lines": []}, "": {"executed_lines": [], "summary": {"covered_lines": 0, "num_statements": 17, "percent_covered": 0.0, "percent_covered_display": "0", "missing_lines": 17, "excluded_lines": 0}, "missing_lines": [1, 2, 3, 4, 5, 7, 8, 9, 10, 11, 12, 14, 15, 20, 34, 39, 60], "excluded_lines": []}}}, "omega_ai/utils/redis_connection.py": {"executed_lines": [25, 26, 27], "summary": {"covered_lines": 3, "num_statements": 24, "percent_covered": 12.5, "percent_covered_display": "12", "missing_lines": 21, "excluded_lines": 0}, "missing_lines": [1, 2, 3, 4, 5, 7, 10, 13, 21, 23, 28, 29, 30, 32, 35, 36, 37, 38, 39, 40, 41], "excluded_lines": [], "functions": {"RedisConnectionManager.__init__": {"executed_lines": [], "summary": {"covered_lines": 0, "num_statements": 2, "percent_covered": 0.0, "percent_covered_display": "0", "missing_lines": 2, "excluded_lines": 0}, "missing_lines": [13, 21], "excluded_lines": []}, "RedisConnectionManager.get": {"executed_lines": [25, 26, 27], "summary": {"covered_lines": 3, "num_statements": 6, "percent_covered": 50.0, "percent_covered_display": "50", "missing_lines": 3, "excluded_lines": 0}, "missing_lines": [28, 29, 30], "excluded_lines": []}, "RedisConnectionManager.set": {"executed_lines": [], "summary": {"covered_lines": 0, "num_statements": 7, "percent_covered": 0.0, "percent_covered_display": "0", "missing_lines": 7, "excluded_lines": 0}, "missing_lines": [35, 36, 37, 38, 39, 40, 41], "excluded_lines": []}, "": {"executed_lines": [], "summary": {"covered_lines": 0, "num_statements": 9, "percent_covered": 0.0, "percent_covered_display": "0", "missing_lines": 9, "excluded_lines": 0}, "missing_lines": [1, 2, 3, 4, 5, 7, 10, 23, 32], "excluded_lines": []}}, "classes": {"RedisConnectionManager": {"executed_lines": [25, 26, 27], "summary": {"covered_lines": 3, "num_statements": 15, "percent_covered": 20.0, "percent_covered_display": "20", "missing_lines": 12, "excluded_lines": 0}, "missing_lines": [13, 21, 28, 29, 30, 35, 36, 37, 38, 39, 40, 41], "excluded_lines": []}, "": {"executed_lines": [], "summary": {"covered_lines": 0, "num_statements": 9, "percent_covered": 0.0, "percent_covered_display": "0", "missing_lines": 9, "excluded_lines": 0}, "missing_lines": [1, 2, 3, 4, 5, 7, 10, 23, 32], "excluded_lines": []}}}, "omega_ai/visualization/dashboard.py": {"executed_lines": [57, 58, 59, 458, 459, 460, 461, 487, 488, 490, 492, 493, 494, 496, 497, 499, 500, 501, 502, 505, 506, 507, 510, 511, 516, 518, 519, 520, 521, 522, 523, 534, 535, 543, 544, 547, 548, 550, 551, 552, 553, 554, 555, 558, 565, 575, 587, 588, 589, 590, 591, 592, 593, 594, 597, 605, 606, 609, 621, 623, 624, 625, 626, 627, 639, 652, 653, 656, 657, 662, 665, 672, 673, 674, 675, 684, 694, 695, 696, 697, 700, 701, 702, 703, 704, 705, 714, 715, 717, 748, 749, 752, 755, 756, 759, 760, 761, 762, 765, 767, 770, 771, 774, 775, 776, 777, 778, 779, 781, 783, 804, 841, 878, 879, 880, 883, 884, 886, 887, 888, 889, 890, 891, 894, 900, 903, 927, 935, 940, 941, 942, 943, 944, 948, 954, 969, 970, 1031, 1032, 1033, 1037, 1038, 1040, 1041, 1042, 1043, 1044, 1045, 1046, 1047, 1048, 1049, 1051, 1052, 1053, 1054, 1055, 1056, 1057], "summary": {"covered_lines": 159, "num_statements": 326, "percent_covered": 48.77300613496933, "percent_covered_display": "49", "missing_lines": 167, "excluded_lines": 11}, "missing_lines": [10, 11, 12, 13, 14, 15, 16, 17, 18, 19, 20, 21, 22, 23, 24, 25, 30, 37, 41, 42, 43, 44, 45, 46, 48, 56, 62, 63, 66, 67, 68, 69, 72, 73, 74, 75, 76, 78, 81, 82, 83, 84, 87, 105, 107, 108, 109, 110, 111, 112, 113, 114, 115, 116, 117, 120, 137, 141, 144, 452, 456, 463, 485, 512, 513, 514, 529, 530, 531, 556, 559, 560, 561, 562, 567, 568, 569, 570, 571, 572, 573, 574, 577, 578, 579, 580, 581, 582, 583, 584, 610, 611, 666, 667, 668, 669, 670, 706, 707, 708, 710, 711, 892, 895, 896, 897, 898, 991, 992, 994, 995, 996, 1001, 1003, 1023, 1029, 1034, 1035, 1059, 1062, 1066, 1068, 1071, 1072, 1073, 1076, 1089, 1099, 1102, 1106, 1109, 1110, 1111, 1112, 1113, 1116, 1119, 1120, 1122, 1123, 1124, 1125, 1126, 1129, 1130, 1131, 1132, 1134, 1137, 1141, 1143, 1145, 1146, 1148, 1149, 1152, 1153, 1155, 1156, 1157, 1158, 1159, 1162, 1163, 1164, 1165, 1167], "excluded_lines": [1170, 1171, 1173, 1174, 1175, 1176, 1179, 1180, 1181, 1182, 1183], "functions": {"ColoredFormatter.format": {"executed_lines": [57, 58, 59], "summary": {"covered_lines": 3, "num_statements": 3, "percent_covered": 100.0, "percent_covered_display": "100", "missing_lines": 0, "excluded_lines": 0}, "missing_lines": [], "excluded_lines": []}, "update_rasta_quote": {"executed_lines": [458, 459, 460, 461], "summary": {"covered_lines": 4, "num_statements": 4, "percent_covered": 100.0, "percent_covered_display": "100", "missing_lines": 0, "excluded_lines": 0}, "missing_lines": [], "excluded_lines": []}, "update_battle_display": {"executed_lines": [487, 488, 490, 492, 493, 494, 496, 497, 499, 500, 501, 502, 505, 506, 507, 510, 511, 516, 518, 519, 520, 521, 522, 523, 534, 535, 543, 544, 547, 548, 550, 551, 552, 553, 554, 555, 558, 565, 575, 587, 588, 589, 590, 591, 592, 593, 594, 597, 605, 606, 609, 621, 623, 624, 625, 626, 627, 639, 652, 653, 656, 657, 662, 665, 672, 673, 674, 675, 684, 694, 695, 696, 697, 700, 701, 702, 703, 704, 705, 714, 715, 717, 748, 749, 752, 755, 756, 759, 760, 761, 762, 765, 767, 770, 771, 774, 775, 776, 777, 778, 779, 781, 783, 804, 841, 878, 879, 880, 883, 884, 886, 887, 888, 889, 890, 891, 894, 900, 903, 927, 935, 940, 941, 942, 943, 944, 948, 954, 969, 970], "summary": {"covered_lines": 130, "num_statements": 181, "percent_covered": 71.8232044198895, "percent_covered_display": "72", "missing_lines": 51, "excluded_lines": 0}, "missing_lines": [512, 513, 514, 529, 530, 531, 556, 559, 560, 561, 562, 567, 568, 569, 570, 571, 572, 573, 574, 577, 578, 579, 580, 581, 582, 583, 584, 610, 611, 666, 667, 668, 669, 670, 706, 707, 708, 710, 711, 892, 895, 896, 897, 898, 991, 992, 994, 995, 996, 1001, 1003], "excluded_lines": []}, "handle_battle_controls": {"executed_lines": [1031, 1032, 1033, 1037, 1038, 1040, 1041, 1042, 1043, 1044, 1045, 1046, 1047, 1048, 1049, 1051, 1052, 1053, 1054, 1055, 1056, 1057], "summary": {"covered_lines": 22, "num_statements": 25, "percent_covered": 88.0, "percent_covered_display": "88", "missing_lines": 3, "excluded_lines": 0}, "missing_lines": [1034, 1035, 1059], "excluded_lines": []}, "update_3d_scatter_plot": {"executed_lines": [], "summary": {"covered_lines": 0, "num_statements": 7, "percent_covered": 0.0, "percent_covered_display": "0", "missing_lines": 7, "excluded_lines": 0}, "missing_lines": [1068, 1071, 1072, 1073, 1076, 1089, 1099], "excluded_lines": []}, "update_fibonacci_sphere": {"executed_lines": [], "summary": {"covered_lines": 0, "num_statements": 18, "percent_covered": 0.0, "percent_covered_display": "0", "missing_lines": 18, "excluded_lines": 0}, "missing_lines": [1109, 1110, 1111, 1112, 1113, 1116, 1119, 1120, 1122, 1123, 1124, 1125, 1126, 1129, 1130, 1131, 1132, 1134], "excluded_lines": []}, "update_trader_energy_field": {"executed_lines": [], "summary": {"covered_lines": 0, "num_statements": 17, "percent_covered": 0.0, "percent_covered_display": "0", "missing_lines": 17, "excluded_lines": 0}, "missing_lines": [1143, 1145, 1146, 1148, 1149, 1152, 1153, 1155, 1156, 1157, 1158, 1159, 1162, 1163, 1164, 1165, 1167], "excluded_lines": []}, "": {"executed_lines": [], "summary": {"covered_lines": 0, "num_statements": 71, "percent_covered": 0.0, "percent_covered_display": "0", "missing_lines": 71, "excluded_lines": 11}, "missing_lines": [10, 11, 12, 13, 14, 15, 16, 17, 18, 19, 20, 21, 22, 23, 24, 25, 30, 37, 41, 42, 43, 44, 45, 46, 48, 56, 62, 63, 66, 67, 68, 69, 72, 73, 74, 75, 76, 78, 81, 82, 83, 84, 87, 105, 107, 108, 109, 110, 111, 112, 113, 114, 115, 116, 117, 120, 137, 141, 144, 452, 456, 463, 485, 1023, 1029, 1062, 1066, 1102, 1106, 1137, 1141], "excluded_lines": [1170, 1171, 1173, 1174, 1175, 1176, 1179, 1180, 1181, 1182, 1183]}}, "classes": {"ColoredFormatter": {"executed_lines": [57, 58, 59], "summary": {"covered_lines": 3, "num_statements": 3, "percent_covered": 100.0, "percent_covered_display": "100", "missing_lines": 0, "excluded_lines": 0}, "missing_lines": [], "excluded_lines": []}, "RedisKeys": {"executed_lines": [], "summary": {"covered_lines": 0, "num_statements": 0, "percent_covered": 100.0, "percent_covered_display": "100", "missing_lines": 0, "excluded_lines": 0}, "missing_lines": [], "excluded_lines": []}, "": {"executed_lines": [458, 459, 460, 461, 487, 488, 490, 492, 493, 494, 496, 497, 499, 500, 501, 502, 505, 506, 507, 510, 511, 516, 518, 519, 520, 521, 522, 523, 534, 535, 543, 544, 547, 548, 550, 551, 552, 553, 554, 555, 558, 565, 575, 587, 588, 589, 590, 591, 592, 593, 594, 597, 605, 606, 609, 621, 623, 624, 625, 626, 627, 639, 652, 653, 656, 657, 662, 665, 672, 673, 674, 675, 684, 694, 695, 696, 697, 700, 701, 702, 703, 704, 705, 714, 715, 717, 748, 749, 752, 755, 756, 759, 760, 761, 762, 765, 767, 770, 771, 774, 775, 776, 777, 778, 779, 781, 783, 804, 841, 878, 879, 880, 883, 884, 886, 887, 888, 889, 890, 891, 894, 900, 903, 927, 935, 940, 941, 942, 943, 944, 948, 954, 969, 970, 1031, 1032, 1033, 1037, 1038, 1040, 1041, 1042, 1043, 1044, 1045, 1046, 1047, 1048, 1049, 1051, 1052, 1053, 1054, 1055, 1056, 1057], "summary": {"covered_lines": 156, "num_statements": 323, "percent_covered": 48.297213622291025, "percent_covered_display": "48", "missing_lines": 167, "excluded_lines": 11}, "missing_lines": [10, 11, 12, 13, 14, 15, 16, 17, 18, 19, 20, 21, 22, 23, 24, 25, 30, 37, 41, 42, 43, 44, 45, 46, 48, 56, 62, 63, 66, 67, 68, 69, 72, 73, 74, 75, 76, 78, 81, 82, 83, 84, 87, 105, 107, 108, 109, 110, 111, 112, 113, 114, 115, 116, 117, 120, 137, 141, 144, 452, 456, 463, 485, 512, 513, 514, 529, 530, 531, 556, 559, 560, 561, 562, 567, 568, 569, 570, 571, 572, 573, 574, 577, 578, 579, 580, 581, 582, 583, 584, 610, 611, 666, 667, 668, 669, 670, 706, 707, 708, 710, 711, 892, 895, 896, 897, 898, 991, 992, 994, 995, 996, 1001, 1003, 1023, 1029, 1034, 1035, 1059, 1062, 1066, 1068, 1071, 1072, 1073, 1076, 1089, 1099, 1102, 1106, 1109, 1110, 1111, 1112, 1113, 1116, 1119, 1120, 1122, 1123, 1124, 1125, 1126, 1129, 1130, 1131, 1132, 1134, 1137, 1141, 1143, 1145, 1146, 1148, 1149, 1152, 1153, 1155, 1156, 1157, 1158, 1159, 1162, 1163, 1164, 1165, 1167], "excluded_lines": [1170, 1171, 1173, 1174, 1175, 1176, 1179, 1180, 1181, 1182, 1183]}}}}, "totals": {"covered_lines": 193, "num_statements": 6750, "percent_covered": 2.859259259259259, "percent_covered_display": "3", "missing_lines": 6557, "excluded_lines": 350}}