{"meta": {"version": "7.3.2", "timestamp": "2025-03-19T01:42:12.673861", "branch_coverage": false, "show_contexts": false}, "files": {"omega_ai/algos/omega_algorithms.py": {"executed_lines": [1, 2, 3, 4, 5, 6, 7, 8, 9, 10, 12, 13, 16, 17, 18, 19, 20, 21, 22, 25, 26, 27, 28, 29, 30, 31, 34, 36, 37, 47, 48, 65, 66, 171, 172, 215, 216, 267, 268, 320, 321, 388, 389], "summary": {"covered_lines": 42, "num_statements": 312, "percent_covered": 13.461538461538462, "percent_covered_display": "13", "missing_lines": 270, "excluded_lines": 0}, "missing_lines": [39, 42, 44, 50, 51, 53, 56, 57, 60, 61, 63, 70, 71, 72, 75, 76, 77, 78, 79, 81, 82, 83, 84, 86, 87, 89, 92, 93, 94, 95, 96, 99, 100, 101, 102, 105, 106, 107, 108, 109, 110, 111, 112, 115, 116, 117, 120, 121, 122, 125, 128, 129, 130, 133, 144, 146, 147, 149, 150, 151, 152, 153, 156, 159, 160, 161, 162, 163, 166, 167, 169, 174, 176, 178, 179, 180, 182, 185, 188, 191, 192, 193, 196, 201, 202, 203, 204, 205, 206, 208, 209, 211, 212, 213, 218, 220, 221, 222, 223, 226, 228, 229, 230, 233, 236, 237, 240, 241, 244, 248, 249, 254, 255, 256, 257, 258, 259, 261, 263, 264, 265, 270, 272, 278, 279, 281, 282, 284, 285, 286, 288, 289, 292, 293, 303, 306, 307, 308, 310, 311, 312, 314, 316, 317, 318, 323, 326, 334, 335, 336, 337, 340, 341, 343, 344, 345, 347, 348, 351, 352, 353, 354, 357, 359, 360, 363, 364, 367, 368, 371, 374, 376, 386, 392, 411, 412, 413, 414, 416, 419, 420, 427, 430, 431, 432, 435, 436, 438, 439, 440, 447, 450, 451, 453, 454, 456, 457, 460, 461, 462, 463, 464, 465, 466, 467, 468, 469, 470, 471, 473, 474, 477, 478, 479, 480, 482, 485, 486, 487, 489, 492, 502, 505, 506, 509, 519, 520, 521, 528, 529, 530, 533, 534, 535, 536, 537, 538, 539, 540, 541, 542, 543, 544, 546, 547, 550, 562, 563, 568, 569, 571, 572, 573, 574, 576, 577, 578, 579, 580, 581, 582, 583, 584, 586, 587, 589, 590, 591, 592, 594], "excluded_lines": []}, "omega_ai/config.py": {"executed_lines": [1, 4, 5, 6, 9, 10, 11, 12, 15, 16, 19, 20, 23, 24, 25, 28, 29, 32, 33, 36, 37, 38, 39, 40, 43, 44, 45, 48, 49, 50, 53, 54, 55], "summary": {"covered_lines": 31, "num_statements": 31, "percent_covered": 100.0, "percent_covered_display": "100", "missing_lines": 0, "excluded_lines": 1}, "missing_lines": [], "excluded_lines": [40]}, "omega_ai/db_manager/database.py": {"executed_lines": [3, 8, 9, 10, 11, 12, 13, 14, 15, 16, 17, 20, 21, 22, 23, 24, 25, 28, 31, 32, 33, 34, 35, 36, 38, 39, 41, 51, 52, 53, 54, 55, 56, 57, 64, 79, 173, 188, 219, 265, 298, 311, 324, 331, 339, 341, 356, 409, 430, 456, 477, 566, 618, 629, 630, 631, 634, 657, 660, 661, 662, 663, 664, 665, 670, 678, 679, 685, 755, 797], "summary": {"covered_lines": 66, "num_statements": 321, "percent_covered": 20.560747663551403, "percent_covered_display": "21", "missing_lines": 255, "excluded_lines": 6}, "missing_lines": [66, 74, 75, 76, 77, 81, 82, 84, 86, 97, 126, 141, 164, 165, 166, 167, 168, 170, 171, 175, 176, 178, 179, 184, 185, 186, 190, 191, 193, 194, 215, 216, 217, 221, 222, 224, 226, 243, 244, 263, 267, 268, 270, 271, 296, 300, 301, 303, 304, 309, 313, 314, 316, 317, 322, 326, 327, 328, 329, 333, 334, 335, 336, 343, 351, 352, 353, 354, 361, 363, 364, 366, 367, 368, 370, 371, 373, 374, 376, 381, 382, 384, 387, 388, 389, 391, 392, 399, 400, 402, 403, 405, 406, 407, 411, 412, 413, 414, 416, 417, 422, 423, 424, 426, 427, 428, 432, 433, 434, 435, 437, 438, 443, 444, 447, 448, 450, 452, 453, 454, 467, 468, 469, 471, 472, 473, 474, 475, 497, 498, 499, 502, 503, 504, 505, 520, 523, 524, 544, 545, 548, 549, 550, 552, 554, 555, 558, 559, 560, 561, 562, 563, 564, 577, 578, 579, 581, 582, 583, 590, 596, 598, 599, 602, 603, 604, 605, 608, 609, 612, 614, 615, 616, 635, 637, 638, 641, 642, 643, 644, 645, 646, 647, 654, 655, 666, 667, 681, 682, 683, 695, 696, 699, 701, 704, 706, 707, 708, 711, 712, 713, 714, 715, 716, 719, 720, 721, 724, 725, 727, 728, 730, 733, 734, 735, 736, 737, 738, 739, 740, 741, 742, 743, 744, 746, 748, 750, 751, 752, 765, 767, 768, 769, 770, 771, 774, 775, 778, 779, 782, 783, 786, 787, 789, 790, 792, 793, 794, 808, 820, 822, 824, 825, 826, 827], "excluded_lines": [33, 41, 55, 67, 344, 717]}, "omega_ai/main.py": {"executed_lines": [], "summary": {"covered_lines": 0, "num_statements": 102, "percent_covered": 0.0, "percent_covered_display": "0", "missing_lines": 102, "excluded_lines": 2}, "missing_lines": [2, 6, 7, 8, 9, 10, 11, 12, 13, 16, 19, 20, 21, 22, 25, 26, 27, 28, 29, 30, 31, 32, 33, 34, 35, 36, 37, 40, 42, 44, 45, 57, 59, 61, 62, 64, 66, 67, 69, 71, 73, 74, 77, 78, 81, 82, 83, 85, 86, 88, 90, 91, 92, 93, 95, 97, 98, 99, 100, 101, 103, 105, 107, 109, 111, 113, 115, 116, 119, 120, 121, 124, 126, 129, 132, 133, 134, 137, 140, 141, 142, 145, 146, 147, 150, 151, 152, 155, 156, 157, 160, 161, 162, 165, 167, 168, 171, 174, 175, 176, 177, 178], "excluded_lines": [180, 181]}, "omega_ai/mm_trap_detector/fibonacci_detector.py": {"executed_lines": [1, 7, 8, 9, 10, 11, 12, 13, 16, 18, 19, 21, 23, 26, 27, 30, 43, 46, 48, 63, 92, 157, 179, 219, 255, 279, 282, 324, 328, 332, 336], "summary": {"covered_lines": 29, "num_statements": 132, "percent_covered": 21.96969696969697, "percent_covered_display": "22", "missing_lines": 103, "excluded_lines": 0}, "missing_lines": [50, 51, 53, 57, 58, 61, 65, 68, 70, 72, 73, 74, 77, 78, 81, 82, 85, 86, 88, 89, 97, 98, 101, 102, 105, 106, 110, 113, 116, 118, 119, 123, 124, 126, 129, 132, 134, 135, 145, 147, 148, 151, 153, 155, 159, 162, 171, 177, 185, 187, 188, 191, 195, 197, 198, 201, 202, 205, 206, 207, 210, 213, 217, 222, 225, 238, 241, 247, 248, 251, 252, 253, 257, 258, 260, 261, 264, 265, 266, 267, 269, 271, 274, 276, 298, 299, 300, 302, 303, 304, 309, 310, 316, 318, 322, 326, 330, 334, 338, 340, 341, 342, 343], "excluded_lines": []}, "omega_ai/mm_trap_detector/grafana/run_grafana_reporter.py": {"executed_lines": [], "summary": {"covered_lines": 0, "num_statements": 2, "percent_covered": 0.0, "percent_covered_display": "0", "missing_lines": 2, "excluded_lines": 10}, "missing_lines": [1, 2], "excluded_lines": [4, 5, 8, 9, 11, 14, 15, 16, 17, 18]}, "omega_ai/mm_trap_detector/grafana_reporter.py": {"executed_lines": [1, 2, 3, 4, 5, 6, 7, 10, 13, 14, 15, 16, 19, 20, 25, 26, 27, 34, 35, 40, 42, 43, 44, 45, 47, 92, 136, 163, 166, 181, 192], "summary": {"covered_lines": 30, "num_statements": 103, "percent_covered": 29.12621359223301, "percent_covered_display": "29", "missing_lines": 73, "excluded_lines": 0}, "missing_lines": [28, 29, 30, 31, 32, 49, 50, 51, 53, 54, 57, 65, 66, 67, 70, 71, 72, 75, 78, 79, 87, 89, 90, 94, 95, 97, 98, 101, 107, 109, 115, 117, 119, 120, 121, 128, 131, 133, 134, 138, 139, 141, 142, 143, 145, 146, 149, 156, 157, 159, 160, 169, 172, 175, 178, 183, 184, 185, 186, 187, 188, 189, 190, 194, 195, 196, 198, 200, 203, 217, 219, 221, 222], "excluded_lines": []}, "omega_ai/mm_trap_detector/high_frequency_detector.py": {"executed_lines": [1, 61, 62, 63, 64, 65, 66, 67, 69, 72, 73, 74, 75, 77, 78, 80, 82, 83, 84, 85, 86, 87, 89, 106, 132, 263, 302, 316, 367, 449, 452, 456, 475, 593], "summary": {"covered_lines": 31, "num_statements": 299, "percent_covered": 10.367892976588628, "percent_covered_display": "10", "missing_lines": 268, "excluded_lines": 16}, "missing_lines": [91, 92, 94, 97, 98, 101, 104, 108, 110, 111, 112, 115, 118, 119, 120, 121, 123, 125, 126, 127, 130, 135, 137, 138, 139, 140, 141, 144, 145, 146, 147, 148, 150, 151, 152, 153, 156, 157, 160, 161, 164, 165, 168, 169, 170, 171, 172, 173, 175, 176, 177, 178, 179, 180, 183, 185, 186, 189, 192, 197, 200, 201, 202, 204, 205, 206, 209, 210, 211, 214, 215, 216, 219, 220, 221, 224, 225, 226, 227, 229, 232, 235, 236, 237, 238, 239, 242, 243, 244, 246, 247, 248, 249, 250, 251, 253, 254, 255, 256, 257, 258, 259, 261, 265, 268, 269, 270, 271, 272, 275, 280, 281, 282, 285, 294, 295, 299, 300, 304, 305, 307, 308, 311, 314, 319, 320, 323, 324, 327, 328, 329, 331, 333, 334, 335, 336, 337, 338, 339, 340, 342, 343, 345, 346, 349, 350, 352, 355, 356, 357, 358, 359, 360, 362, 363, 364, 365, 371, 373, 374, 375, 376, 377, 379, 380, 381, 382, 383, 385, 386, 387, 388, 391, 392, 395, 396, 397, 400, 401, 404, 405, 406, 407, 408, 411, 413, 414, 415, 416, 419, 420, 424, 426, 427, 428, 429, 430, 431, 434, 435, 436, 437, 438, 440, 441, 442, 443, 444, 446, 454, 458, 461, 462, 463, 466, 468, 469, 470, 471, 472, 477, 480, 483, 484, 487, 488, 489, 490, 493, 495, 496, 499, 500, 501, 504, 507, 508, 511, 512, 513, 515, 518, 521, 522, 524, 525, 528, 529, 530, 531, 534, 535, 536, 537, 540, 541, 543, 544, 545, 547, 550, 551, 552, 553, 554, 555, 558, 559], "excluded_lines": [593, 594, 597, 598, 599, 601, 603, 604, 605, 606, 607, 608, 609, 612, 613, 615]}, "omega_ai/mm_trap_detector/liquidity_voronoi.py": {"executed_lines": [], "summary": {"covered_lines": 0, "num_statements": 0, "percent_covered": 100.0, "percent_covered_display": "100", "missing_lines": 0, "excluded_lines": 0}, "missing_lines": [], "excluded_lines": []}, "omega_ai/mm_trap_detector/mm_trap_consumer.py": {"executed_lines": [], "summary": {"covered_lines": 0, "num_statements": 101, "percent_covered": 0.0, "percent_covered_display": "0", "missing_lines": 101, "excluded_lines": 3}, "missing_lines": [3, 8, 9, 10, 11, 12, 13, 14, 15, 16, 17, 20, 23, 24, 25, 26, 29, 31, 34, 35, 38, 39, 41, 44, 45, 52, 54, 56, 57, 58, 59, 61, 62, 63, 65, 67, 69, 70, 73, 74, 77, 78, 79, 80, 81, 84, 94, 96, 99, 114, 117, 119, 120, 121, 122, 124, 126, 127, 129, 130, 131, 133, 135, 136, 138, 140, 141, 143, 144, 147, 149, 150, 151, 152, 153, 154, 157, 160, 163, 165, 166, 167, 169, 172, 173, 175, 176, 177, 178, 179, 180, 182, 184, 185, 186, 187, 188, 189, 190, 191, 192], "excluded_lines": [194, 195, 196]}, "omega_ai/mm_trap_detector/mm_trap_detector.py": {"executed_lines": [], "summary": {"covered_lines": 0, "num_statements": 158, "percent_covered": 0.0, "percent_covered_display": "0", "missing_lines": 158, "excluded_lines": 2}, "missing_lines": [23, 24, 25, 26, 27, 28, 29, 30, 31, 32, 40, 41, 42, 43, 44, 45, 46, 47, 48, 49, 50, 51, 52, 53, 54, 55, 56, 58, 59, 60, 61, 62, 63, 64, 65, 67, 69, 70, 75, 76, 77, 78, 80, 82, 83, 84, 85, 86, 88, 90, 91, 92, 93, 94, 96, 98, 99, 100, 102, 103, 105, 111, 112, 114, 115, 116, 118, 120, 122, 123, 124, 126, 128, 129, 130, 139, 140, 142, 144, 145, 146, 147, 148, 149, 151, 153, 154, 155, 156, 157, 159, 161, 162, 163, 165, 167, 168, 169, 170, 173, 174, 177, 178, 179, 180, 183, 184, 187, 189, 192, 195, 198, 199, 202, 204, 205, 207, 209, 210, 211, 212, 213, 214, 215, 217, 219, 220, 221, 228, 229, 230, 231, 232, 233, 234, 235, 236, 237, 238, 239, 240, 241, 242, 244, 246, 247, 248, 251, 252, 253, 256, 258, 259, 260, 261, 263, 265, 266], "excluded_lines": [268, 269]}, "omega_ai/mm_trap_detector/mm_websocket_server.py": {"executed_lines": [], "summary": {"covered_lines": 0, "num_statements": 32, "percent_covered": 0.0, "percent_covered_display": "0", "missing_lines": 32, "excluded_lines": 2}, "missing_lines": [1, 2, 3, 4, 5, 7, 8, 10, 12, 15, 16, 18, 19, 20, 21, 22, 23, 24, 25, 26, 27, 28, 30, 31, 33, 35, 36, 38, 40, 41, 42, 43], "excluded_lines": [45, 46]}, "omega_ai/mm_trap_detector/queue_manager.py": {"executed_lines": [], "summary": {"covered_lines": 0, "num_statements": 83, "percent_covered": 0.0, "percent_covered_display": "0", "missing_lines": 83, "excluded_lines": 0}, "missing_lines": [3, 8, 9, 10, 11, 12, 13, 14, 15, 17, 19, 22, 29, 32, 33, 34, 35, 38, 39, 41, 52, 53, 54, 55, 58, 61, 64, 66, 68, 71, 72, 75, 76, 79, 80, 87, 90, 91, 93, 95, 96, 97, 99, 108, 114, 116, 122, 123, 125, 130, 132, 138, 140, 146, 148, 154, 155, 157, 158, 159, 160, 161, 162, 163, 165, 167, 173, 175, 183, 184, 185, 187, 188, 189, 190, 191, 193, 197, 199, 217, 225, 226, 229], "excluded_lines": []}, "omega_ai/mm_trap_detector/trap_producer.py": {"executed_lines": [], "summary": {"covered_lines": 0, "num_statements": 25, "percent_covered": 0.0, "percent_covered_display": "0", "missing_lines": 25, "excluded_lines": 0}, "missing_lines": [3, 7, 8, 9, 10, 13, 22, 24, 27, 35, 36, 39, 42, 43, 46, 47, 49, 51, 54, 57, 60, 71, 79, 82, 83], "excluded_lines": []}, "omega_ai/monitor/monitor_market_trends.py": {"executed_lines": [1, 2, 3, 4, 5, 6, 7, 8, 11, 12, 13, 14, 15, 16, 19, 22, 23, 24, 25, 26, 27, 28, 29, 31, 57, 80, 112, 119, 121, 123, 128, 131, 132, 133, 136, 139, 150, 152, 154, 155, 162, 164, 165, 169, 175, 177, 178, 179, 183, 184, 185, 186, 191, 197, 256, 318, 330, 342, 348, 441, 451, 452, 455, 456, 461, 465, 466, 467, 468, 469, 473, 477, 478, 480, 483, 486, 487, 488, 490, 492, 493, 494, 496, 499, 501], "summary": {"covered_lines": 85, "num_statements": 295, "percent_covered": 28.8135593220339, "percent_covered_display": "29", "missing_lines": 210, "excluded_lines": 0}, "missing_lines": [34, 35, 36, 37, 38, 39, 40, 41, 42, 43, 45, 48, 49, 50, 51, 53, 55, 59, 60, 61, 63, 64, 65, 66, 67, 68, 70, 71, 72, 74, 75, 76, 78, 87, 89, 90, 91, 94, 102, 104, 106, 108, 109, 110, 124, 125, 158, 159, 166, 167, 171, 172, 173, 180, 193, 194, 195, 199, 200, 203, 205, 206, 207, 210, 212, 214, 215, 216, 217, 218, 219, 221, 222, 224, 228, 232, 233, 237, 238, 240, 242, 243, 246, 247, 248, 249, 250, 252, 254, 258, 259, 262, 264, 265, 267, 268, 269, 272, 275, 276, 277, 280, 283, 286, 289, 292, 293, 294, 295, 298, 301, 302, 304, 306, 307, 308, 310, 312, 313, 314, 315, 320, 321, 322, 323, 324, 325, 326, 327, 328, 332, 333, 334, 335, 336, 337, 338, 339, 340, 344, 345, 346, 350, 352, 353, 354, 355, 357, 358, 360, 361, 362, 365, 366, 367, 370, 371, 372, 374, 375, 376, 377, 378, 380, 381, 382, 383, 389, 390, 392, 393, 394, 397, 398, 399, 400, 401, 402, 403, 404, 405, 407, 410, 411, 412, 415, 416, 417, 418, 419, 420, 422, 424, 427, 437, 438, 439, 458, 462, 470, 471, 474, 481, 489, 491, 495, 497, 503, 504, 505], "excluded_lines": []}, "omega_ai/omega_runner.py": {"executed_lines": [], "summary": {"covered_lines": 0, "num_statements": 61, "percent_covered": 0.0, "percent_covered_display": "0", "missing_lines": 61, "excluded_lines": 2}, "missing_lines": [7, 8, 9, 10, 11, 13, 14, 15, 16, 17, 18, 19, 20, 23, 31, 33, 35, 44, 47, 55, 63, 71, 79, 87, 95, 102, 104, 105, 111, 116, 119, 122, 123, 126, 129, 130, 131, 133, 134, 135, 136, 137, 138, 139, 140, 143, 145, 147, 148, 149, 150, 151, 154, 155, 157, 158, 159, 160, 161, 162, 163], "excluded_lines": [165, 166]}, "omega_ai/redis_dump_split.py": {"executed_lines": [], "summary": {"covered_lines": 0, "num_statements": 134, "percent_covered": 0.0, "percent_covered_display": "0", "missing_lines": 134, "excluded_lines": 2}, "missing_lines": [16, 17, 18, 19, 20, 21, 22, 25, 26, 27, 28, 29, 30, 32, 34, 36, 37, 39, 40, 41, 44, 45, 46, 47, 48, 49, 51, 53, 54, 55, 56, 57, 58, 59, 60, 62, 64, 65, 67, 70, 71, 72, 73, 74, 75, 78, 81, 82, 83, 84, 86, 87, 89, 91, 93, 94, 96, 99, 100, 101, 102, 103, 105, 106, 108, 109, 111, 114, 115, 117, 118, 120, 122, 123, 124, 127, 128, 131, 132, 134, 137, 151, 153, 154, 155, 156, 157, 158, 161, 162, 163, 164, 167, 168, 169, 170, 171, 174, 175, 178, 179, 180, 183, 184, 185, 191, 193, 195, 196, 198, 199, 200, 201, 202, 203, 204, 205, 206, 208, 210, 213, 214, 215, 216, 219, 220, 221, 222, 225, 226, 227, 228, 231, 232], "excluded_lines": [234, 235]}, "omega_ai/reporting/dashboard_generator.py": {"executed_lines": [], "summary": {"covered_lines": 0, "num_statements": 52, "percent_covered": 0.0, "percent_covered_display": "0", "missing_lines": 52, "excluded_lines": 0}, "missing_lines": [3, 8, 9, 11, 14, 15, 16, 18, 20, 84, 86, 122, 123, 124, 126, 128, 175, 176, 177, 179, 181, 220, 221, 222, 224, 226, 239, 240, 241, 242, 244, 246, 249, 250, 251, 254, 255, 256, 257, 260, 261, 262, 265, 267, 269, 271, 272, 273, 274, 275, 276, 277], "excluded_lines": []}, "omega_ai/reporting/futures_reporter.py": {"executed_lines": [3, 10, 11, 12, 13, 14, 15, 16, 18, 19, 24, 50, 104, 171, 211, 231, 252, 253, 257, 258, 307, 308, 372, 373, 375, 379, 445, 487, 540, 585, 627, 669, 689, 714, 725, 726, 731, 772, 797, 866, 935, 967, 1027, 1104, 1131, 1167, 1192, 1211, 1229, 1230, 1231], "summary": {"covered_lines": 46, "num_statements": 421, "percent_covered": 10.926365795724466, "percent_covered_display": "11", "missing_lines": 375, "excluded_lines": 1}, "missing_lines": [32, 33, 35, 36, 38, 41, 42, 43, 46, 47, 48, 62, 65, 85, 86, 87, 88, 89, 92, 95, 96, 97, 98, 99, 100, 102, 124, 125, 126, 127, 128, 129, 130, 133, 134, 135, 137, 138, 139, 140, 141, 142, 143, 146, 147, 150, 151, 153, 154, 156, 157, 158, 159, 162, 163, 164, 165, 166, 167, 168, 169, 184, 192, 193, 194, 195, 196, 199, 202, 203, 204, 205, 206, 207, 208, 209, 221, 222, 223, 225, 226, 227, 228, 229, 241, 242, 243, 245, 246, 247, 248, 249, 269, 279, 282, 283, 285, 286, 289, 290, 291, 292, 295, 298, 299, 300, 301, 302, 303, 305, 319, 330, 342, 343, 344, 346, 347, 350, 351, 353, 354, 357, 358, 359, 360, 362, 365, 376, 377, 381, 447, 483, 484, 485, 489, 536, 537, 538, 542, 581, 582, 583, 588, 623, 624, 625, 630, 665, 666, 667, 671, 684, 685, 686, 687, 691, 694, 695, 696, 699, 700, 701, 702, 705, 706, 707, 708, 709, 710, 712, 716, 717, 718, 719, 720, 721, 722, 751, 752, 753, 754, 755, 756, 759, 762, 763, 766, 767, 769, 770, 781, 794, 795, 816, 817, 818, 819, 821, 822, 825, 826, 827, 830, 831, 832, 833, 834, 835, 838, 839, 840, 841, 844, 861, 862, 864, 884, 885, 886, 887, 889, 890, 891, 894, 895, 896, 899, 900, 901, 904, 915, 916, 919, 920, 921, 923, 926, 927, 930, 931, 933, 945, 946, 947, 948, 950, 951, 954, 957, 963, 965, 969, 979, 980, 981, 984, 985, 986, 989, 990, 991, 992, 993, 994, 995, 996, 999, 1000, 1001, 1002, 1003, 1004, 1005, 1008, 1009, 1010, 1011, 1012, 1013, 1014, 1017, 1018, 1019, 1020, 1021, 1022, 1023, 1025, 1029, 1030, 1031, 1034, 1035, 1038, 1041, 1042, 1043, 1045, 1046, 1047, 1048, 1050, 1051, 1053, 1054, 1057, 1058, 1059, 1060, 1061, 1062, 1063, 1064, 1065, 1066, 1067, 1070, 1071, 1072, 1075, 1076, 1077, 1078, 1079, 1080, 1083, 1102, 1114, 1116, 1119, 1126, 1127, 1129, 1141, 1143, 1145, 1146, 1148, 1155, 1156, 1157, 1159, 1165, 1170, 1179, 1180, 1181, 1183, 1184, 1185, 1186, 1187, 1188, 1190, 1202, 1203, 1204, 1205, 1206, 1207, 1208, 1209, 1218, 1220, 1221, 1222, 1223, 1224, 1226, 1227, 1232, 1233, 1234, 1235, 1236], "excluded_lines": [1068]}, "omega_ai/reporting/grafana_metrics.py": {"executed_lines": [], "summary": {"covered_lines": 0, "num_statements": 106, "percent_covered": 0.0, "percent_covered_display": "0", "missing_lines": 106, "excluded_lines": 0}, "missing_lines": [3, 8, 9, 10, 11, 12, 14, 19, 20, 31, 46, 49, 50, 52, 53, 56, 57, 58, 59, 60, 61, 62, 63, 64, 67, 68, 69, 70, 71, 74, 77, 78, 79, 80, 81, 82, 83, 84, 85, 86, 87, 89, 91, 92, 103, 117, 120, 121, 122, 123, 126, 127, 128, 129, 130, 131, 132, 133, 134, 135, 137, 139, 140, 151, 162, 174, 175, 176, 178, 179, 182, 183, 185, 186, 189, 190, 191, 192, 194, 197, 203, 204, 217, 220, 221, 222, 224, 225, 226, 229, 251, 260, 262, 280, 282, 283, 294, 375, 378, 516, 519, 658, 796, 799, 885, 970], "excluded_lines": []}, "omega_ai/reporting/trade_logger.py": {"executed_lines": [], "summary": {"covered_lines": 0, "num_statements": 80, "percent_covered": 0.0, "percent_covered_display": "0", "missing_lines": 80, "excluded_lines": 0}, "missing_lines": [3, 8, 9, 10, 11, 12, 13, 15, 20, 29, 30, 33, 34, 36, 38, 39, 42, 43, 44, 46, 69, 72, 73, 90, 93, 94, 97, 98, 100, 102, 118, 119, 120, 121, 122, 124, 125, 126, 127, 130, 131, 141, 142, 143, 144, 145, 146, 147, 150, 151, 154, 155, 156, 158, 160, 170, 178, 181, 182, 184, 192, 198, 201, 202, 204, 214, 216, 226, 228, 230, 231, 232, 234, 236, 237, 238, 240, 242, 243, 244], "excluded_lines": []}, "omega_ai/scripts/run_profiled_trading.py": {"executed_lines": [3, 11, 12, 13, 14, 15, 16, 17, 18, 19, 20, 23, 25, 26, 27, 28, 29, 32, 35, 36, 38, 39, 42, 48, 49, 50, 51, 52, 54, 59, 60, 61, 62, 65, 68, 69, 70, 71, 72, 73, 74, 76, 80, 81, 82, 83, 99, 101, 110, 112, 116, 118, 119, 120, 130, 132, 134, 135, 136, 137, 139, 140, 145, 166, 168, 170, 171, 172, 174, 181, 182, 188, 190, 191, 193, 194, 195, 228, 252, 253, 254, 255, 256, 257, 259, 438], "summary": {"covered_lines": 84, "num_statements": 252, "percent_covered": 33.333333333333336, "percent_covered_display": "33", "missing_lines": 168, "excluded_lines": 2}, "missing_lines": [41, 43, 44, 45, 66, 113, 114, 121, 138, 142, 143, 146, 147, 159, 160, 161, 162, 163, 165, 175, 176, 177, 178, 179, 184, 185, 186, 198, 199, 200, 202, 203, 206, 207, 208, 209, 210, 212, 224, 225, 226, 230, 232, 235, 236, 237, 239, 240, 241, 242, 244, 245, 247, 248, 250, 260, 261, 263, 264, 265, 266, 268, 271, 274, 277, 278, 279, 283, 284, 287, 288, 290, 291, 292, 293, 294, 296, 297, 300, 303, 304, 305, 308, 311, 312, 313, 315, 318, 319, 320, 323, 325, 326, 329, 331, 332, 333, 334, 335, 337, 338, 339, 340, 341, 343, 346, 347, 349, 352, 355, 356, 357, 358, 359, 360, 361, 362, 363, 364, 367, 375, 376, 377, 378, 379, 380, 381, 382, 384, 386, 387, 389, 390, 391, 392, 393, 395, 396, 397, 398, 399, 400, 402, 403, 405, 407, 408, 410, 411, 412, 414, 416, 417, 418, 419, 421, 422, 424, 425, 426, 427, 428, 430, 432, 433, 434, 435, 436], "excluded_lines": [438, 439]}, "omega_ai/services/api_gateway.py": {"executed_lines": [], "summary": {"covered_lines": 0, "num_statements": 0, "percent_covered": 100.0, "percent_covered_display": "100", "missing_lines": 0, "excluded_lines": 0}, "missing_lines": [], "excluded_lines": []}, "omega_ai/trading/btc_futures_trader.py": {"executed_lines": [3, 39, 40, 41, 42, 43, 44, 45, 46, 47, 49, 50, 51, 52, 55, 56, 57, 58, 59, 60, 61, 62, 63, 64, 65, 66, 67, 68, 69, 70, 71, 74, 78, 79, 80, 81, 82, 83, 84, 85, 86, 87, 88, 89, 90, 91, 92, 93, 94, 96, 107, 116, 117, 118, 119, 120, 121, 122, 123, 124, 125, 126, 127, 128, 130, 154, 155, 157, 164, 165, 166, 167, 168, 170, 171, 172, 175, 176, 177, 180, 182, 241, 265, 277, 294, 322, 342, 359, 370, 379, 438, 450, 481, 531, 556, 606, 641, 670, 726, 747], "summary": {"covered_lines": 96, "num_statements": 417, "percent_covered": 23.02158273381295, "percent_covered_display": "23", "missing_lines": 321, "excluded_lines": 2}, "missing_lines": [98, 99, 100, 102, 103, 105, 109, 111, 112, 113, 114, 132, 133, 135, 136, 137, 139, 140, 142, 143, 146, 147, 149, 150, 184, 185, 186, 188, 191, 192, 203, 206, 207, 208, 209, 210, 211, 212, 213, 214, 215, 217, 218, 232, 234, 235, 237, 238, 239, 243, 260, 261, 263, 267, 268, 269, 270, 271, 272, 273, 274, 275, 279, 280, 282, 283, 286, 289, 290, 292, 300, 301, 304, 306, 308, 309, 310, 312, 314, 320, 324, 326, 327, 329, 330, 331, 332, 333, 334, 336, 338, 339, 340, 344, 345, 346, 347, 348, 349, 351, 352, 354, 355, 356, 357, 361, 362, 363, 364, 365, 366, 367, 368, 372, 373, 376, 377, 381, 382, 383, 386, 388, 390, 393, 396, 398, 399, 400, 403, 407, 421, 424, 425, 426, 429, 430, 431, 432, 433, 434, 436, 440, 441, 443, 444, 445, 446, 448, 455, 456, 458, 459, 460, 462, 463, 465, 466, 467, 468, 470, 472, 473, 474, 475, 477, 479, 483, 484, 485, 488, 489, 491, 493, 494, 497, 498, 499, 500, 501, 502, 505, 506, 509, 511, 512, 514, 515, 516, 517, 518, 520, 521, 524, 526, 527, 528, 529, 533, 534, 537, 539, 540, 541, 544, 545, 546, 549, 550, 551, 552, 553, 554, 558, 559, 560, 562, 564, 566, 569, 572, 574, 575, 577, 578, 579, 580, 581, 584, 585, 586, 589, 590, 593, 594, 597, 598, 599, 600, 602, 603, 604, 608, 609, 610, 612, 613, 614, 616, 617, 618, 621, 622, 623, 624, 625, 626, 627, 628, 631, 632, 633, 636, 637, 638, 639, 643, 645, 646, 649, 652, 653, 654, 655, 656, 657, 660, 661, 664, 665, 668, 672, 673, 674, 676, 677, 679, 680, 682, 683, 684, 685, 688, 689, 690, 692, 696, 699, 702, 703, 704, 705, 706, 707, 708, 709, 712, 713, 716, 717, 719, 721, 722, 723, 724, 728, 729, 730, 731, 734, 742, 745], "excluded_lines": [747, 748]}, "omega_ai/trading/btc_organic_plots.py": {"executed_lines": [], "summary": {"covered_lines": 0, "num_statements": 81, "percent_covered": 0.0, "percent_covered_display": "0", "missing_lines": 81, "excluded_lines": 0}, "missing_lines": [14, 15, 16, 17, 18, 19, 20, 21, 24, 27, 31, 34, 37, 38, 41, 46, 47, 48, 49, 52, 53, 54, 57, 58, 59, 60, 61, 62, 63, 64, 66, 67, 68, 69, 71, 74, 77, 80, 81, 82, 84, 97, 98, 99, 100, 101, 102, 103, 104, 107, 110, 114, 117, 120, 121, 124, 129, 130, 131, 132, 135, 136, 137, 140, 141, 142, 143, 144, 145, 146, 147, 149, 150, 151, 152, 154, 157, 160, 163, 164, 165], "excluded_lines": []}, "omega_ai/trading/btc_organic_tracker.py": {"executed_lines": [], "summary": {"covered_lines": 0, "num_statements": 313, "percent_covered": 0.0, "percent_covered_display": "0", "missing_lines": 313, "excluded_lines": 0}, "missing_lines": [14, 15, 16, 17, 18, 19, 20, 21, 22, 25, 26, 27, 29, 30, 31, 34, 36, 37, 38, 39, 40, 41, 44, 46, 47, 48, 49, 50, 53, 54, 56, 57, 58, 59, 60, 61, 62, 64, 66, 76, 77, 79, 90, 93, 95, 96, 99, 100, 102, 104, 105, 106, 107, 108, 109, 110, 111, 112, 113, 114, 117, 118, 119, 120, 121, 122, 123, 124, 125, 128, 130, 132, 133, 134, 136, 137, 138, 140, 141, 146, 147, 148, 150, 152, 163, 165, 167, 168, 173, 182, 183, 186, 187, 188, 191, 194, 197, 200, 202, 215, 218, 219, 222, 223, 226, 227, 230, 231, 234, 235, 238, 240, 243, 244, 247, 250, 251, 252, 255, 257, 258, 259, 260, 261, 264, 267, 268, 271, 272, 274, 275, 277, 279, 281, 282, 285, 286, 287, 290, 291, 293, 295, 296, 298, 300, 304, 307, 309, 310, 311, 313, 316, 317, 318, 321, 322, 324, 325, 328, 329, 331, 332, 333, 335, 337, 338, 340, 342, 343, 344, 347, 356, 359, 360, 362, 364, 365, 366, 367, 370, 371, 373, 374, 375, 377, 379, 380, 382, 384, 387, 389, 390, 393, 394, 397, 398, 399, 401, 402, 404, 405, 406, 409, 410, 411, 413, 414, 416, 417, 418, 420, 421, 422, 423, 424, 426, 428, 429, 432, 434, 436, 439, 441, 443, 445, 448, 450, 453, 456, 459, 460, 462, 464, 465, 469, 470, 471, 472, 475, 477, 478, 479, 481, 484, 486, 490, 491, 492, 493, 494, 495, 496, 497, 499, 502, 504, 506, 508, 511, 512, 514, 516, 519, 520, 522, 523, 525, 528, 531, 534, 535, 537, 539, 540, 542, 546, 548, 550, 551, 554, 559, 561, 564, 566, 570, 573, 576, 577, 580, 581, 586, 591, 594, 595, 596, 597, 598, 599, 602, 603, 606, 607, 608, 609, 610, 611, 612, 613, 614, 617, 618, 620, 622], "excluded_lines": []}, "omega_ai/trading/cosmic_schumann.py": {"executed_lines": [], "summary": {"covered_lines": 0, "num_statements": 183, "percent_covered": 0.0, "percent_covered_display": "0", "missing_lines": 183, "excluded_lines": 0}, "missing_lines": [13, 14, 15, 16, 17, 18, 21, 22, 24, 26, 27, 28, 29, 30, 31, 32, 34, 37, 39, 40, 41, 42, 43, 44, 45, 46, 47, 49, 52, 53, 54, 55, 58, 68, 78, 79, 82, 83, 84, 85, 88, 89, 90, 91, 94, 95, 96, 98, 101, 102, 103, 104, 107, 109, 111, 113, 114, 116, 118, 120, 122, 123, 125, 127, 129, 131, 133, 135, 138, 139, 142, 145, 146, 147, 150, 152, 155, 156, 157, 160, 161, 162, 163, 164, 165, 166, 167, 169, 171, 174, 177, 180, 181, 184, 186, 188, 190, 192, 194, 195, 198, 199, 202, 203, 205, 206, 208, 210, 211, 212, 213, 214, 215, 216, 217, 219, 221, 223, 224, 226, 235, 236, 237, 238, 239, 240, 241, 242, 243, 244, 245, 246, 247, 248, 249, 250, 251, 254, 255, 256, 257, 258, 259, 260, 261, 264, 265, 266, 267, 268, 269, 270, 272, 275, 278, 279, 280, 283, 286, 288, 289, 292, 293, 295, 297, 300, 301, 303, 305, 308, 310, 312, 313, 316, 317, 318, 319, 320, 321, 324, 326, 330, 331], "excluded_lines": []}, "omega_ai/trading/cosmic_trader_psychology.py": {"executed_lines": [], "summary": {"covered_lines": 0, "num_statements": 798, "percent_covered": 0.0, "percent_covered_display": "0", "missing_lines": 798, "excluded_lines": 5}, "missing_lines": [3, 17, 18, 19, 20, 21, 22, 23, 24, 27, 28, 29, 30, 31, 32, 33, 34, 35, 37, 39, 40, 41, 42, 43, 44, 45, 46, 48, 50, 51, 52, 53, 54, 55, 57, 59, 60, 61, 62, 63, 65, 67, 68, 69, 70, 71, 72, 73, 75, 78, 79, 80, 81, 82, 83, 84, 85, 88, 89, 90, 91, 92, 95, 96, 97, 98, 99, 100, 101, 102, 103, 104, 105, 106, 107, 108, 109, 111, 112, 114, 115, 116, 117, 118, 121, 122, 125, 126, 128, 130, 140, 142, 144, 152, 154, 158, 159, 160, 163, 166, 167, 170, 172, 183, 194, 197, 198, 200, 202, 205, 206, 207, 208, 210, 213, 214, 215, 216, 218, 220, 222, 224, 225, 226, 227, 230, 231, 234, 237, 245, 248, 255, 257, 266, 269, 279, 280, 281, 284, 286, 287, 288, 289, 290, 291, 294, 295, 296, 297, 298, 299, 300, 303, 304, 305, 306, 307, 308, 309, 312, 313, 314, 315, 316, 317, 318, 321, 322, 323, 324, 325, 326, 327, 331, 332, 333, 334, 335, 336, 338, 340, 343, 346, 349, 350, 351, 352, 353, 354, 355, 356, 357, 358, 359, 360, 363, 366, 367, 368, 369, 370, 371, 372, 373, 374, 375, 376, 379, 382, 386, 387, 388, 389, 391, 392, 393, 394, 396, 397, 398, 399, 400, 401, 403, 404, 405, 406, 408, 409, 410, 411, 412, 415, 416, 417, 419, 420, 421, 422, 425, 428, 431, 432, 433, 434, 435, 438, 445, 448, 449, 451, 452, 453, 454, 455, 457, 458, 460, 461, 463, 465, 468, 469, 470, 471, 472, 473, 476, 479, 480, 481, 482, 483, 485, 486, 487, 488, 489, 491, 492, 493, 494, 495, 496, 498, 499, 500, 501, 502, 504, 505, 506, 507, 510, 512, 514, 516, 524, 526, 534, 536, 544, 546, 554, 556, 567, 576, 577, 579, 580, 582, 583, 585, 586, 588, 589, 592, 593, 595, 597, 600, 602, 603, 604, 605, 608, 609, 610, 613, 616, 618, 620, 622, 623, 624, 626, 628, 629, 630, 632, 634, 635, 638, 640, 643, 646, 648, 650, 651, 652, 655, 656, 659, 662, 663, 666, 667, 670, 671, 672, 675, 676, 679, 682, 684, 690, 691, 692, 695, 697, 698, 701, 702, 703, 705, 708, 711, 719, 721, 722, 730, 733, 734, 735, 736, 739, 740, 741, 742, 743, 745, 748, 750, 757, 760, 762, 763, 765, 767, 770, 773, 776, 777, 782, 783, 788, 791, 793, 796, 798, 800, 803, 806, 809, 812, 814, 828, 829, 841, 843, 844, 847, 848, 850, 852, 855, 858, 860, 863, 864, 865, 866, 867, 868, 870, 871, 873, 875, 876, 877, 878, 879, 881, 882, 883, 885, 886, 888, 890, 891, 892, 894, 896, 899, 900, 901, 902, 903, 906, 907, 909, 912, 914, 915, 918, 919, 920, 921, 922, 923, 924, 925, 926, 927, 930, 931, 932, 933, 934, 935, 936, 937, 938, 939, 941, 944, 946, 947, 949, 951, 953, 955, 957, 958, 959, 960, 961, 962, 963, 964, 965, 966, 969, 970, 972, 975, 985, 986, 987, 990, 992, 993, 994, 995, 996, 997, 1000, 1001, 1002, 1003, 1004, 1005, 1006, 1009, 1010, 1011, 1012, 1013, 1014, 1015, 1018, 1019, 1020, 1021, 1022, 1023, 1024, 1027, 1028, 1029, 1030, 1031, 1032, 1033, 1037, 1038, 1039, 1040, 1041, 1042, 1044, 1046, 1049, 1059, 1113, 1114, 1115, 1118, 1119, 1122, 1123, 1124, 1127, 1128, 1129, 1133, 1138, 1140, 1143, 1144, 1148, 1153, 1154, 1157, 1158, 1161, 1163, 1165, 1168, 1176, 1177, 1179, 1182, 1185, 1188, 1190, 1192, 1195, 1202, 1205, 1206, 1207, 1208, 1209, 1210, 1211, 1212, 1215, 1216, 1219, 1220, 1222, 1224, 1227, 1246, 1254, 1256, 1257, 1260, 1263, 1264, 1266, 1267, 1268, 1269, 1272, 1282, 1283, 1284, 1286, 1288, 1291, 1293, 1294, 1295, 1296, 1298, 1300, 1312, 1320, 1321, 1322, 1325, 1328, 1337, 1340, 1343, 1345, 1346, 1347, 1350, 1351, 1352, 1355, 1356, 1357, 1360, 1361, 1362, 1363, 1365, 1367, 1368, 1369, 1372, 1373, 1375, 1376, 1377, 1378, 1382, 1383, 1384, 1385, 1387, 1389, 1390, 1391, 1394, 1396, 1397, 1398, 1400, 1402, 1403, 1404, 1406, 1408, 1409, 1410, 1413, 1414, 1415, 1418, 1419, 1420, 1421, 1422, 1423, 1424, 1426, 1428, 1429, 1430, 1433, 1434, 1435, 1439, 1440, 1444, 1446, 1447, 1449, 1450, 1453, 1454, 1455, 1457, 1458, 1461, 1462, 1463, 1466, 1467, 1468, 1471, 1473, 1475, 1478, 1481, 1482, 1483, 1484, 1485, 1487, 1490, 1498, 1501, 1509, 1512, 1513, 1514, 1515, 1516, 1517, 1518, 1519, 1520, 1521, 1522, 1524, 1527, 1529, 1542, 1545, 1548, 1563, 1566, 1569, 1570, 1584, 1591, 1592, 1605, 1607, 1610, 1613, 1614, 1617, 1619, 1620, 1621, 1623, 1624, 1627, 1630, 1632, 1634, 1645, 1648, 1649, 1651, 1654, 1662, 1668, 1678, 1684, 1698, 1701, 1704, 1707, 1714, 1717, 1721, 1723, 1733, 1742, 1745, 1760, 1763, 1764, 1767, 1768, 1769, 1770, 1771, 1774, 1782], "excluded_lines": [478, 687, 832, 1139, 1586]}, "omega_ai/trading/omega_suggestions.py": {"executed_lines": [], "summary": {"covered_lines": 0, "num_statements": 34, "percent_covered": 0.0, "percent_covered_display": "0", "missing_lines": 34, "excluded_lines": 0}, "missing_lines": [1, 2, 3, 4, 6, 8, 9, 10, 12, 17, 18, 19, 20, 30, 31, 32, 33, 35, 40, 41, 42, 43, 53, 54, 55, 56, 58, 63, 64, 75, 76, 77, 79, 83], "excluded_lines": []}, "omega_ai/trading/profiled_futures_trader.py": {"executed_lines": [3, 33, 34, 35, 36, 37, 38, 39, 40, 41, 42, 43, 44, 47, 48, 49, 50, 51, 52, 53, 54, 55, 58, 59, 60, 61, 62, 63, 64, 67, 69, 71, 72, 73, 74, 75, 76, 77, 78, 79, 80, 81, 82, 83, 84, 85, 86, 87, 88, 90, 92, 93, 94, 99, 101, 103, 120, 122, 123, 125, 130, 131, 132, 133, 134, 135, 136, 139, 140, 141, 142, 144, 153, 155, 156, 157, 158, 164, 167, 168, 169, 170, 171, 172, 173, 175, 176, 177, 178, 179, 180, 181, 183, 184, 185, 186, 187, 188, 189, 191, 192, 193, 194, 195, 196, 197, 208, 209, 211, 212, 214, 220, 221, 222, 227, 229, 230, 232, 235, 236, 237, 240, 241, 243, 265, 345, 348, 354, 358, 363, 371, 375, 376, 377, 378, 380, 402, 424, 435, 449, 453, 457, 461, 465, 467, 471, 473, 474, 479, 492, 493, 496, 497, 498, 499, 500, 503, 505, 511, 544, 547, 550, 553, 555, 582, 583, 585, 586, 590, 595, 597, 599, 601, 602, 605, 606, 607, 610, 613, 619, 626, 630, 631, 634, 637, 639, 640, 641, 642, 645, 651, 652, 654, 656, 660, 661, 664, 665, 666, 667, 669, 671, 674, 676, 681, 683, 686, 687, 688, 691, 693, 700, 702, 704, 705, 706, 707, 710, 711, 712, 715, 718, 719, 720, 721, 722, 723, 726, 727, 730, 745, 746, 747, 750, 753, 756, 759, 762, 765, 768, 769, 772, 786, 787, 792, 794, 796, 798, 800, 801, 802, 803, 804, 807, 810, 813, 816, 819, 822, 831, 837, 870, 902, 903], "summary": {"covered_lines": 262, "num_statements": 487, "percent_covered": 53.79876796714579, "percent_covered_display": "54", "missing_lines": 225, "excluded_lines": 5}, "missing_lines": [96, 97, 200, 201, 202, 203, 204, 205, 215, 216, 217, 223, 224, 225, 233, 245, 246, 247, 248, 250, 251, 252, 255, 256, 258, 259, 261, 262, 263, 268, 271, 273, 276, 277, 278, 280, 282, 284, 285, 287, 288, 289, 292, 294, 296, 298, 299, 300, 308, 309, 311, 316, 317, 318, 319, 320, 321, 325, 328, 329, 332, 335, 336, 337, 338, 339, 340, 341, 343, 350, 351, 352, 355, 356, 357, 359, 360, 365, 366, 367, 368, 372, 383, 386, 387, 388, 391, 393, 394, 397, 400, 404, 407, 410, 416, 417, 419, 420, 421, 422, 426, 428, 429, 430, 431, 432, 433, 437, 438, 439, 440, 441, 442, 443, 444, 445, 446, 447, 468, 469, 476, 507, 508, 509, 514, 516, 518, 520, 521, 522, 523, 524, 525, 526, 529, 536, 537, 539, 540, 542, 560, 562, 566, 568, 570, 573, 574, 576, 579, 588, 615, 617, 627, 646, 647, 648, 657, 672, 679, 684, 689, 694, 697, 698, 731, 732, 733, 736, 739, 740, 742, 754, 757, 788, 789, 833, 835, 839, 840, 843, 844, 845, 848, 849, 850, 851, 853, 854, 857, 858, 861, 864, 865, 867, 868, 872, 873, 876, 877, 878, 881, 882, 883, 886, 888, 889, 890, 893, 895, 896, 897, 898, 900, 905, 906, 909, 910, 911, 914, 916, 917, 918, 919, 922, 924], "excluded_lines": [322, 451, 455, 459, 463]}, "omega_ai/trading/profiles/aggressive_trader.py": {"executed_lines": [3, 10, 11, 13, 15, 16, 18, 20, 23, 26, 27, 28, 31, 32, 33, 35, 37, 47, 73, 89, 105, 136], "summary": {"covered_lines": 21, "num_statements": 62, "percent_covered": 33.87096774193548, "percent_covered_display": "34", "missing_lines": 41, "excluded_lines": 0}, "missing_lines": [49, 50, 51, 52, 55, 56, 59, 60, 63, 66, 67, 68, 69, 71, 76, 79, 80, 81, 84, 87, 92, 95, 98, 100, 101, 103, 108, 111, 114, 117, 123, 129, 134, 138, 141, 142, 143, 144, 145, 146, 149], "excluded_lines": []}, "omega_ai/trading/profiles/newbie_trader.py": {"executed_lines": [3, 10, 11, 13, 15, 16, 18, 20, 23, 26, 27, 28, 31, 32, 33, 35, 37, 47, 73, 89, 105, 136], "summary": {"covered_lines": 21, "num_statements": 62, "percent_covered": 33.87096774193548, "percent_covered_display": "34", "missing_lines": 41, "excluded_lines": 0}, "missing_lines": [49, 50, 51, 52, 55, 56, 59, 60, 63, 66, 67, 68, 69, 71, 76, 79, 80, 81, 84, 87, 92, 95, 98, 100, 101, 103, 108, 111, 114, 117, 123, 129, 134, 138, 141, 142, 143, 144, 145, 146, 149], "excluded_lines": []}, "omega_ai/trading/profiles/scalper_trader.py": {"executed_lines": [3, 10, 11, 13, 15, 16, 18, 20, 23, 26, 27, 28, 31, 32, 33, 35, 37, 47, 73, 89, 105, 130], "summary": {"covered_lines": 21, "num_statements": 61, "percent_covered": 34.42622950819672, "percent_covered_display": "34", "missing_lines": 40, "excluded_lines": 0}, "missing_lines": [49, 50, 51, 52, 55, 56, 59, 60, 63, 66, 67, 68, 69, 71, 76, 79, 80, 81, 84, 87, 92, 95, 98, 100, 101, 103, 108, 111, 114, 117, 123, 128, 132, 135, 136, 137, 138, 139, 140, 143], "excluded_lines": []}, "omega_ai/trading/profiles/strategic_trader.py": {"executed_lines": [3, 10, 11, 12, 14, 16, 17, 19, 21, 24, 27, 28, 29, 32, 33, 34, 35, 36, 37, 39, 41, 51, 85, 101, 117, 148, 164, 178, 190, 202, 215], "summary": {"covered_lines": 30, "num_statements": 106, "percent_covered": 28.30188679245283, "percent_covered_display": "28", "missing_lines": 76, "excluded_lines": 0}, "missing_lines": [53, 54, 55, 56, 59, 60, 63, 64, 67, 68, 71, 72, 75, 78, 79, 80, 81, 83, 88, 91, 92, 93, 96, 99, 104, 107, 110, 112, 113, 115, 120, 123, 126, 129, 135, 141, 146, 150, 151, 153, 154, 156, 157, 158, 159, 160, 162, 166, 169, 170, 176, 180, 181, 184, 185, 188, 192, 193, 196, 197, 200, 204, 205, 208, 209, 210, 211, 213, 217, 220, 221, 222, 223, 224, 225, 228], "excluded_lines": []}, "omega_ai/trading/profiles/trader_base.py": {"executed_lines": [3, 10, 11, 12, 13, 14, 17, 18, 19, 20, 21, 22, 23, 24, 25, 27, 28, 29, 30, 31, 32, 33, 34, 35, 36, 38, 39, 42, 43, 44, 45, 46, 47, 48, 49, 50, 51, 53, 54, 56, 58, 59, 60, 61, 62, 63, 64, 67, 70, 71, 72, 73, 74, 75, 76, 79, 80, 81, 82, 85, 86, 87, 88, 90, 91, 95, 96, 98, 100, 102, 103, 105, 111, 112, 113, 118, 120, 121, 123, 129, 130, 131, 133, 135, 136, 137, 141, 143, 144, 145, 157, 158, 162, 163, 167, 168, 172, 173, 177, 178, 182, 221, 234, 243], "summary": {"covered_lines": 101, "num_statements": 173, "percent_covered": 58.38150289017341, "percent_covered_display": "58", "missing_lines": 72, "excluded_lines": 5}, "missing_lines": [40, 93, 99, 106, 107, 108, 114, 115, 116, 124, 125, 126, 127, 138, 139, 146, 147, 149, 150, 151, 153, 154, 155, 184, 185, 188, 195, 196, 199, 200, 201, 202, 203, 204, 205, 206, 208, 209, 210, 211, 212, 213, 216, 219, 223, 224, 225, 227, 228, 231, 232, 236, 237, 238, 240, 241, 245, 246, 247, 248, 249, 250, 251, 254, 255, 256, 257, 260, 261, 262, 263, 264], "excluded_lines": [160, 165, 170, 175, 180]}, "omega_ai/trading/session_manager.py": {"executed_lines": [1, 2, 3, 4, 5, 7, 8, 9, 10, 11, 12, 14, 15, 19, 32, 38, 44], "summary": {"covered_lines": 17, "num_statements": 33, "percent_covered": 51.515151515151516, "percent_covered_display": "52", "missing_lines": 16, "excluded_lines": 0}, "missing_lines": [16, 17, 21, 30, 34, 35, 36, 40, 41, 42, 46, 47, 48, 49, 50, 51], "excluded_lines": []}, "omega_ai/trading/trade_simulation.py": {"executed_lines": [1, 8, 9, 10, 11, 14, 15, 16, 17, 18, 19, 20, 21, 22, 25, 26, 27, 28, 29, 30, 31, 33, 34, 36, 54, 102, 155, 376, 431, 441, 481, 522], "summary": {"covered_lines": 30, "num_statements": 268, "percent_covered": 11.194029850746269, "percent_covered_display": "11", "missing_lines": 238, "excluded_lines": 0}, "missing_lines": [49, 50, 51, 52, 68, 69, 70, 73, 74, 75, 76, 77, 78, 81, 82, 83, 86, 88, 117, 118, 119, 122, 123, 124, 125, 126, 127, 130, 131, 134, 135, 136, 139, 141, 172, 173, 174, 177, 178, 179, 180, 181, 182, 185, 188, 189, 192, 202, 203, 205, 206, 208, 216, 218, 219, 221, 224, 225, 226, 228, 229, 232, 234, 236, 238, 239, 240, 243, 246, 255, 256, 258, 259, 262, 263, 264, 265, 268, 269, 271, 274, 275, 276, 277, 279, 280, 282, 285, 286, 287, 288, 291, 292, 293, 294, 295, 297, 299, 300, 303, 311, 313, 314, 315, 317, 320, 323, 324, 327, 329, 330, 332, 334, 336, 337, 340, 348, 350, 351, 353, 356, 357, 358, 359, 361, 369, 371, 372, 374, 385, 387, 388, 389, 390, 392, 393, 394, 397, 400, 403, 404, 405, 407, 408, 409, 412, 413, 416, 419, 420, 421, 423, 426, 427, 429, 433, 434, 436, 445, 447, 458, 459, 460, 461, 462, 464, 465, 466, 467, 468, 469, 470, 471, 472, 475, 476, 478, 485, 487, 499, 500, 501, 502, 503, 505, 506, 507, 508, 509, 510, 511, 512, 513, 516, 517, 519, 526, 535, 537, 538, 539, 541, 542, 543, 545, 546, 549, 550, 553, 556, 571, 572, 573, 575, 576, 577, 579, 580, 582, 583, 584, 587, 588, 589, 590, 591, 593, 594, 595, 596, 597, 598, 599, 600, 601, 604, 605, 607], "excluded_lines": []}, "omega_ai/trading/trader_base.py": {"executed_lines": [], "summary": {"covered_lines": 0, "num_statements": 126, "percent_covered": 0.0, "percent_covered_display": "0", "missing_lines": 126, "excluded_lines": 4}, "missing_lines": [3, 9, 10, 11, 14, 15, 16, 17, 18, 19, 20, 21, 22, 23, 25, 27, 28, 29, 30, 31, 32, 33, 36, 37, 38, 39, 41, 43, 46, 48, 51, 52, 53, 54, 55, 56, 59, 60, 61, 62, 64, 65, 66, 69, 72, 73, 74, 75, 76, 77, 80, 81, 82, 83, 85, 86, 87, 90, 93, 96, 97, 98, 99, 100, 101, 102, 105, 107, 111, 115, 119, 123, 126, 129, 130, 131, 132, 134, 135, 136, 138, 139, 142, 143, 146, 149, 151, 153, 156, 157, 158, 159, 161, 162, 163, 164, 165, 166, 167, 168, 169, 170, 171, 173, 175, 182, 184, 186, 187, 188, 189, 191, 193, 195, 196, 197, 198, 200, 202, 204, 206, 208, 220, 222, 224, 226], "excluded_lines": [109, 113, 117, 121]}, "omega_ai/trading/trader_profiles.py": {"executed_lines": [], "summary": {"covered_lines": 0, "num_statements": 118, "percent_covered": 0.0, "percent_covered_display": "0", "missing_lines": 118, "excluded_lines": 2}, "missing_lines": [3, 10, 11, 12, 13, 14, 15, 18, 19, 24, 27, 28, 29, 30, 31, 32, 33, 34, 35, 37, 39, 40, 41, 42, 45, 46, 47, 48, 51, 52, 53, 54, 55, 56, 59, 61, 62, 63, 66, 67, 70, 72, 73, 74, 77, 78, 79, 81, 89, 91, 92, 93, 94, 97, 98, 99, 102, 103, 105, 106, 109, 110, 113, 114, 115, 117, 120, 132, 134, 135, 138, 139, 140, 141, 144, 155, 158, 160, 161, 164, 165, 166, 167, 170, 182, 185, 187, 188, 191, 192, 193, 194, 198, 209, 212, 214, 215, 218, 219, 221, 222, 225, 236, 239, 240, 241, 242, 243, 244, 246, 248, 249, 250, 251, 252, 253, 254, 255], "excluded_lines": [257, 258]}, "omega_ai/trading/trading_analyzer.py": {"executed_lines": [3, 10, 11, 12, 13, 14, 15, 16, 17, 19, 22, 23, 26, 27, 28, 29, 30, 31, 32, 33, 34, 35, 36, 38, 39, 41, 43, 44, 45, 46, 47, 48, 51, 53, 72, 83, 188, 249, 302, 364, 426, 465, 559, 606, 715], "summary": {"covered_lines": 44, "num_statements": 426, "percent_covered": 10.328638497652582, "percent_covered_display": "10", "missing_lines": 382, "excluded_lines": 0}, "missing_lines": [55, 56, 58, 67, 68, 70, 74, 75, 76, 77, 78, 79, 80, 81, 85, 96, 99, 100, 101, 102, 103, 104, 106, 107, 108, 111, 112, 113, 114, 115, 116, 117, 118, 119, 121, 122, 123, 126, 127, 129, 130, 131, 132, 133, 135, 136, 137, 138, 145, 150, 151, 154, 155, 156, 157, 158, 159, 161, 162, 168, 169, 172, 173, 174, 176, 177, 178, 180, 181, 182, 183, 184, 186, 190, 192, 194, 195, 196, 198, 201, 202, 203, 204, 206, 207, 208, 209, 211, 212, 213, 214, 216, 218, 219, 220, 221, 224, 225, 230, 236, 237, 238, 239, 244, 245, 247, 251, 252, 255, 258, 259, 260, 261, 264, 265, 266, 267, 269, 270, 271, 272, 274, 277, 278, 279, 282, 283, 285, 286, 287, 289, 290, 291, 293, 294, 295, 297, 298, 300, 304, 305, 307, 309, 310, 312, 313, 315, 317, 318, 319, 320, 321, 322, 323, 325, 328, 329, 331, 332, 333, 335, 336, 339, 342, 343, 344, 345, 346, 347, 348, 349, 350, 354, 355, 356, 357, 359, 360, 362, 366, 367, 369, 370, 371, 374, 375, 378, 379, 380, 381, 382, 383, 384, 385, 386, 388, 389, 390, 392, 395, 396, 397, 400, 402, 404, 405, 406, 408, 409, 410, 412, 414, 416, 417, 418, 420, 421, 422, 424, 428, 429, 432, 433, 434, 437, 438, 439, 440, 443, 445, 446, 447, 450, 451, 452, 453, 454, 455, 456, 459, 460, 461, 463, 467, 468, 469, 470, 471, 472, 475, 476, 477, 478, 479, 482, 483, 486, 487, 490, 491, 492, 493, 494, 496, 499, 501, 503, 504, 506, 507, 508, 510, 516, 517, 518, 520, 521, 522, 524, 528, 529, 530, 532, 533, 534, 536, 541, 542, 544, 549, 550, 552, 557, 569, 570, 571, 573, 575, 576, 577, 580, 583, 584, 585, 586, 587, 590, 593, 594, 595, 596, 597, 600, 601, 602, 604, 608, 610, 612, 613, 615, 616, 618, 619, 620, 622, 625, 626, 629, 632, 633, 634, 635, 638, 641, 642, 643, 644, 645, 646, 649, 650, 651, 653, 654, 655, 656, 658, 661, 662, 664, 666, 668, 675, 677, 684, 696, 698, 700, 701, 702, 704, 707, 717, 718, 719, 721, 723, 724, 725, 726, 727, 728, 729, 730, 731, 732, 733, 735, 736, 737, 738], "excluded_lines": []}, "omega_ai/trading/trading_manager.py": {"executed_lines": [], "summary": {"covered_lines": 0, "num_statements": 43, "percent_covered": 0.0, "percent_covered_display": "0", "missing_lines": 43, "excluded_lines": 0}, "missing_lines": [1, 2, 3, 4, 5, 7, 8, 9, 10, 11, 12, 14, 15, 16, 17, 18, 20, 22, 24, 25, 26, 28, 29, 30, 32, 34, 36, 37, 39, 41, 42, 45, 51, 58, 60, 62, 63, 65, 72, 75, 76, 77, 78], "excluded_lines": []}, "omega_ai/utils/redis_connection.py": {"executed_lines": [1, 2, 3, 4, 5, 7, 9, 10, 12, 15, 23, 25, 27, 28, 29, 34, 45, 63, 79, 97, 106], "summary": {"covered_lines": 20, "num_statements": 58, "percent_covered": 34.48275862068966, "percent_covered_display": "34", "missing_lines": 38, "excluded_lines": 0}, "missing_lines": [30, 31, 32, 37, 38, 39, 40, 41, 42, 43, 57, 58, 59, 60, 61, 73, 74, 75, 76, 77, 90, 91, 92, 93, 94, 95, 99, 100, 101, 102, 103, 104, 108, 109, 110, 111, 112, 113], "excluded_lines": []}, "omega_ai/utils/redis_manager.py": {"executed_lines": [1, 2, 3, 4, 5, 6, 7, 8, 9, 11, 12, 65, 76, 96, 107, 116, 125, 133, 141, 167, 187, 203, 247, 251, 255, 259, 263, 268], "summary": {"covered_lines": 27, "num_statements": 127, "percent_covered": 21.25984251968504, "percent_covered_display": "21", "missing_lines": 100, "excluded_lines": 30}, "missing_lines": [67, 68, 74, 78, 81, 82, 85, 86, 87, 88, 89, 90, 91, 92, 93, 94, 98, 99, 100, 101, 102, 103, 104, 105, 109, 110, 111, 112, 113, 114, 118, 119, 120, 121, 122, 123, 127, 128, 129, 130, 131, 135, 136, 137, 138, 139, 143, 145, 146, 149, 150, 151, 152, 155, 158, 159, 161, 163, 164, 165, 169, 180, 181, 182, 183, 184, 185, 189, 197, 198, 199, 200, 201, 205, 207, 209, 214, 216, 224, 225, 230, 231, 232, 233, 235, 236, 237, 238, 239, 241, 243, 244, 245, 249, 253, 257, 261, 265, 276, 278], "excluded_lines": [12, 14, 27, 35, 36, 37, 38, 39, 42, 43, 44, 45, 47, 48, 49, 51, 52, 53, 54, 55, 57, 58, 59, 62, 63, 223, 226, 227, 280, 290]}}, "totals": {"covered_lines": 1134, "num_statements": 7078, "percent_covered": 16.021474992935858, "percent_covered_display": "16", "missing_lines": 5944, "excluded_lines": 102}}